[10:17:10] This is prokka 1.14.6
[10:17:10] Written by Torsten Seemann <torsten.seemann@gmail.com>
[10:17:10] Homepage is https://github.com/tseemann/prokka
[10:17:10] Local time is Wed Nov  6 10:17:10 2024
[10:17:10] You are brian
[10:17:10] Operating system is linux
[10:17:10] You have BioPerl 1.007002
[10:17:10] System has 4 cores.
[10:17:10] Will use maximum of 4 cores.
[10:17:10] Annotating as >>> Bacteria <<<
[10:17:10] Creating new output folder: R50
[10:17:10] Running: mkdir -p R50
[10:17:10] Using filename prefix: R50.XXX
[10:17:10] Setting HMMER_NCPU=1
[10:17:10] Writing log to: R50/R50.log
[10:17:10] Command: /home/brian/miniconda3/envs/pangenome2/bin/prokka --cpus 4 --kingdom Bacteria --prefix R50 --locustag R50 sequences/R50.fasta
[10:17:10] Appending to PATH: /home/brian/miniconda3/envs/pangenome2/bin
[10:17:10] Looking for 'aragorn' - found /home/brian/miniconda3/envs/pangenome2/bin/aragorn
[10:17:10] Determined aragorn version is 001002 from 'ARAGORN v1.2.41 Dean Laslett'
[10:17:10] Looking for 'barrnap' - found /home/brian/miniconda3/envs/pangenome2/bin/barrnap
[10:17:10] Determined barrnap version is 000009 from 'barrnap 0.9'
[10:17:10] Looking for 'blastp' - found /home/brian/miniconda3/envs/pangenome2/bin/blastp
[10:17:11] Determined blastp version is 002016 from 'blastp: 2.16.0+'
[10:17:11] Looking for 'cmpress' - found /home/brian/miniconda3/envs/pangenome2/bin/cmpress
[10:17:11] Determined cmpress version is 001001 from '# INFERNAL 1.1.4 (Dec 2020)'
[10:17:11] Looking for 'cmscan' - found /home/brian/miniconda3/envs/pangenome2/bin/cmscan
[10:17:11] Determined cmscan version is 001001 from '# INFERNAL 1.1.4 (Dec 2020)'
[10:17:11] Looking for 'egrep' - found /usr/bin/egrep
[10:17:11] Looking for 'find' - found /usr/bin/find
[10:17:11] Looking for 'grep' - found /usr/bin/grep
[10:17:11] Looking for 'hmmpress' - found /home/brian/miniconda3/envs/pangenome2/bin/hmmpress
[10:17:11] Determined hmmpress version is 003004 from '# HMMER 3.4 (Aug 2023); http://hmmer.org/'
[10:17:11] Looking for 'hmmscan' - found /home/brian/miniconda3/envs/pangenome2/bin/hmmscan
[10:17:11] Determined hmmscan version is 003004 from '# HMMER 3.4 (Aug 2023); http://hmmer.org/'
[10:17:11] Looking for 'java' - found /home/brian/miniconda3/envs/pangenome2/bin/java
[10:17:11] Looking for 'makeblastdb' - found /home/brian/miniconda3/envs/pangenome2/bin/makeblastdb
[10:17:11] Determined makeblastdb version is 002016 from 'makeblastdb: 2.16.0+'
[10:17:11] Looking for 'minced' - found /home/brian/miniconda3/envs/pangenome2/bin/minced
[10:17:12] Determined minced version is 004002 from 'minced 0.4.2'
[10:17:12] Looking for 'parallel' - found /home/brian/miniconda3/envs/pangenome2/bin/parallel
[10:17:12] Determined parallel version is 20240922 from 'GNU parallel 20240922'
[10:17:12] Looking for 'prodigal' - found /home/brian/miniconda3/envs/pangenome2/bin/prodigal
[10:17:12] Determined prodigal version is 002006 from 'Prodigal V2.6.3: February, 2016'
[10:17:12] Looking for 'prokka-genbank_to_fasta_db' - found /home/brian/miniconda3/envs/pangenome2/bin/prokka-genbank_to_fasta_db
[10:17:12] Looking for 'sed' - found /usr/bin/sed
[10:17:12] Looking for 'tbl2asn' - found /home/brian/miniconda3/envs/pangenome2/bin/tbl2asn
[10:17:12] Determined tbl2asn version is 025007 from 'tbl2asn 25.7   arguments:'
[10:17:12] Using genetic code table 11.
[10:17:12] Loading and checking input file: sequences/R50.fasta
[10:17:13] Wrote 1 contigs totalling 2866643 bp.
[10:17:13] Predicting tRNAs and tmRNAs
[10:17:13] Running: aragorn -l -gc11  -w R50\/R50\.fna
[10:17:15] 1 tRNA-Ser [424074,424166] 37 (tga)
[10:17:15] 2 tRNA-Val [471825,471900] 34 (tac)
[10:17:15] 3 tRNA-Thr [471917,471992] 34 (tgt)
[10:17:15] 4 tRNA-Lys [471998,472072] 35 (ttt)
[10:17:15] 5 tRNA-Gly [472105,472179] 33 (gcc)
[10:17:15] 6 tRNA-Leu [472187,472275] 35 (taa)
[10:17:15] 7 tRNA-Arg [472281,472357] 35 (acg)
[10:17:15] 8 tRNA-Pro [472378,472451] 35 (tgg)
[10:17:15] 9 tRNA-Ala [472475,472550] 34 (tgc)
[10:17:15] 10 tRNA-Arg c[746765,746837] 34 (ccg)
[10:17:15] 11 tmRNA [763021,763379] 94,129 GKSNNNFAVAA*
[10:17:15] 12 tRNA-Ser c[972388,972478] 37 (gct)
[10:17:15] 13 tRNA-Asn c[972480,972554] 33 (gtt)
[10:17:15] 14 tRNA-Arg c[1120595,1120670] 36 (tct)
[10:17:15] 15 tRNA-Ser c[1898844,1898932] 36 (gga)
[10:17:15] 16 tRNA-Glu c[1898986,1899059] 35 (ttc)
[10:17:15] 17 tRNA-Asn c[1899060,1899134] 33 (gtt)
[10:17:15] 18 tRNA-Gly c[1899149,1899222] 33 (tcc)
[10:17:15] 19 tRNA-His c[1899238,1899313] 34 (gtg)
[10:17:15] 20 tRNA-Phe c[1899327,1899399] 34 (gaa)
[10:17:15] 21 tRNA-Asp c[1899416,1899491] 34 (gtc)
[10:17:15] 22 tRNA-Met c[1899513,1899586] 35 (cat)
[10:17:15] 23 tRNA-Leu c[1932299,1932382] 35 (caa)
[10:17:15] 24 tRNA-Gly c[1932421,1932495] 34 (tcc)
[10:17:15] 25 tRNA-Gly c[1932509,1932583] 34 (tcc)
[10:17:15] 26 tRNA-Gly c[1932599,1932673] 34 (tcc)
[10:17:15] 27 tRNA-Cys c[1932681,1932754] 33 (gca)
[10:17:15] 28 tRNA-Gln c[1932760,1932831] 33 (ttg)
[10:17:15] 29 tRNA-His c[1932842,1932915] 34 (gtg)
[10:17:15] 30 tRNA-Trp c[1932918,1932991] 33 (cca)
[10:17:15] 31 tRNA-Tyr c[1933006,1933088] 36 (gta)
[10:17:15] 32 tRNA-Thr c[1933093,1933168] 34 (tgt)
[10:17:15] 33 tRNA-Phe c[1933175,1933249] 35 (gaa)
[10:17:15] 34 tRNA-Asp c[1933267,1933342] 34 (gtc)
[10:17:15] 35 tRNA-Met c[1933351,1933426] 36 (cat)
[10:17:15] 36 tRNA-Ser c[1933440,1933532] 37 (tga)
[10:17:15] 37 tRNA-Asp c[1933571,1933646] 34 (gtc)
[10:17:15] 38 tRNA-Ser c[1933656,1933747] 38 (tga)
[10:17:15] 39 tRNA-Met c[1933756,1933829] 35 (cat)
[10:17:15] 40 tRNA-Met c[1933857,1933931] 35 (cat)
[10:17:15] 41 tRNA-Ala c[1933953,1934028] 34 (tgc)
[10:17:15] 42 tRNA-Pro c[1934046,1934119] 35 (tgg)
[10:17:15] 43 tRNA-Arg c[1934128,1934203] 36 (acg)
[10:17:15] 44 tRNA-Leu c[1934221,1934309] 35 (taa)
[10:17:15] 45 tRNA-Gly c[1934320,1934394] 33 (gcc)
[10:17:15] 46 tRNA-Leu c[1934397,1934480] 36 (tag)
[10:17:15] 47 tRNA-Lys c[1934483,1934558] 34 (ttt)
[10:17:15] 48 tRNA-Thr c[1934564,1934639] 34 (tgt)
[10:17:15] 49 tRNA-Val c[1934656,1934731] 34 (tac)
[10:17:15] 50 tRNA-Gly c[2071640,2071713] 33 (tcc)
[10:17:15] 51 tRNA-Leu c[2071735,2071817] 34 (gag)
[10:17:15] 52 tRNA-Lys c[2179074,2179147] 34 (ttt)
[10:17:15] 53 tRNA-Gln c[2179151,2179225] 33 (ttg)
[10:17:15] 54 tRNA-Tyr c[2179235,2179318] 35 (gta)
[10:17:15] 55 tRNA-Val c[2179348,2179423] 34 (tac)
[10:17:15] 56 tRNA-Glu c[2179430,2179503] 35 (ttc)
[10:17:15] 57 tRNA-Asn c[2179504,2179578] 33 (gtt)
[10:17:15] 58 tRNA-Glu [2771942,2772016] 34 (ttc)
[10:17:15] 59 tRNA-Asp [2772024,2772096] 34 (gtc)
[10:17:15] 60 tRNA-Ala c[2830875,2830950] 34 (tgc)
[10:17:15] 61 tRNA-Ile c[2830969,2831045] 35 (gat)
[10:17:15] 62 tRNA-Ile c[2863253,2863329] 35 (gat)
[10:17:15] Found 62 tRNAs
[10:17:15] Predicting Ribosomal RNAs
[10:17:15] Running Barrnap with 4 threads
[10:17:18] 1 CP039167.1 433576 5S ribosomal RNA (partial)
[10:17:18] 2 CP039167.1 471700 5S ribosomal RNA (partial)
[10:17:18] 3 CP039167.1 472705 5S ribosomal RNA (partial)
[10:17:18] 4 CP039167.1 1934778 5S ribosomal RNA (partial)
[10:17:18] 5 CP039167.1 2071432 5S ribosomal RNA (partial)
[10:17:18] 6 CP039167.1 2179624 5S ribosomal RNA (partial)
[10:17:18] 7 CP039167.1 2814391 5S ribosomal RNA (partial)
[10:17:18] 8 CP039167.1 2814545 23S ribosomal RNA
[10:17:18] 9 CP039167.1 2823124 16S ribosomal RNA
[10:17:18] 10 CP039167.1 2862546 5S ribosomal RNA (partial)
[10:17:18] Found 10 rRNAs
[10:17:18] Skipping ncRNA search, enable with --rfam if desired.
[10:17:18] Total of 71 tRNA + rRNA features
[10:17:18] Searching for CRISPR repeats
[10:17:19] CRISPR1 CP039167.1 2263708 with 4 spacers
[10:17:19] Found 1 CRISPRs
[10:17:19] Predicting coding sequences
[10:17:19] Contigs total 2866643 bp, so using single mode
[10:17:19] Running: prodigal -i R50\/R50\.fna -c -m -g 11 -p single -f sco -q
[10:17:28] Excluding CDS which overlaps existing RNA (rRNA) at CP039167.1:1934850..1935248 on - strand
[10:17:29] Excluding CDS which overlaps existing RNA (rRNA) at CP039167.1:2862541..2862645 on + strand
[10:17:29] Found 2671 CDS
[10:17:29] Connecting features back to sequences
[10:17:29] Not using genus-specific database. Try --usegenus to enable it.
[10:17:29] Annotating CDS, please be patient.
[10:17:29] Will use 4 CPUs for similarity searching.
[10:17:31] There are still 2671 unannotated CDS left (started with 2671)
[10:17:31] Will use blast to search against /home/brian/miniconda3/envs/pangenome2/db/kingdom/Bacteria/IS with 4 CPUs
[10:17:31] Running: cat R50\/R50\.IS\.tmp\.7936\.faa | parallel --gnu --plain -j 4 --block 101904 --recstart '>' --pipe blastp -query - -db /home/brian/miniconda3/envs/pangenome2/db/kingdom/Bacteria/IS -evalue 1e-30 -qcov_hsp_perc 90 -num_threads 1 -num_descriptions 1 -num_alignments 1 -seg no > R50\/R50\.IS\.tmp\.7936\.blast 2> /dev/null
[10:18:05] Deleting unwanted file: R50/R50.IS.tmp.7936.faa
[10:18:05] Deleting unwanted file: R50/R50.IS.tmp.7936.blast
[10:18:06] There are still 2653 unannotated CDS left (started with 2671)
[10:18:06] Will use blast to search against /home/brian/miniconda3/envs/pangenome2/db/kingdom/Bacteria/AMR with 4 CPUs
[10:18:06] Running: cat R50\/R50\.AMR\.tmp\.7936\.faa | parallel --gnu --plain -j 4 --block 101320 --recstart '>' --pipe blastp -query - -db /home/brian/miniconda3/envs/pangenome2/db/kingdom/Bacteria/AMR -evalue 9.99999999999999e-301 -qcov_hsp_perc 90 -num_threads 1 -num_descriptions 1 -num_alignments 1 -seg no > R50\/R50\.AMR\.tmp\.7936\.blast 2> /dev/null
[10:18:36] Deleting unwanted file: R50/R50.AMR.tmp.7936.faa
[10:18:36] Deleting unwanted file: R50/R50.AMR.tmp.7936.blast
[10:18:37] There are still 2648 unannotated CDS left (started with 2671)
[10:18:37] Will use blast to search against /home/brian/miniconda3/envs/pangenome2/db/kingdom/Bacteria/sprot with 4 CPUs
[10:18:37] Running: cat R50\/R50\.sprot\.tmp\.7936\.faa | parallel --gnu --plain -j 4 --block 100969 --recstart '>' --pipe blastp -query - -db /home/brian/miniconda3/envs/pangenome2/db/kingdom/Bacteria/sprot -evalue 1e-09 -qcov_hsp_perc 80 -num_threads 1 -num_descriptions 1 -num_alignments 1 -seg no > R50\/R50\.sprot\.tmp\.7936\.blast 2> /dev/null
[10:21:17] Modify product: Probable tRNA-dihydrouridine synthase => putative tRNA-dihydrouridine synthase
[10:21:17] Modify product: Probable tRNA-dihydrouridine synthase => putative tRNA-dihydrouridine synthase
[10:21:17] Modify product: Uncharacterized lipoprotein SAOUHSC_00052 => putative lipoprotein
[10:21:17] Modify product: Uncharacterized lipoprotein SAOUHSC_00053 => putative lipoprotein
[10:21:17] Modify product: Uncharacterized lipoprotein SAOUHSC_00053 => putative lipoprotein
[10:21:17] Modify product: Uncharacterized lipoprotein SAOUHSC_00053 => putative lipoprotein
[10:21:17] Modify product: Uncharacterized lipoprotein SAOUHSC_00053 => putative lipoprotein
[10:21:17] Modify product: Probable siderophore transport system permease protein YfhA => putative siderophore transport system permease protein YfhA
[10:21:17] Modify product: Probable siderophore transport system permease protein YfiZ => putative siderophore transport system permease protein YfiZ
[10:21:17] Modify product: Probable siderophore-binding lipoprotein YfiY => putative siderophore-binding lipoprotein YfiY
[10:21:17] Modify product: Uncharacterized protein SAOUHSC_00094 => putative protein
[10:21:17] Modify product: Probable ABC transporter phosphonate/phosphite binding protein PhnD2 => putative ABC transporter phosphonate/phosphite binding protein PhnD2
[10:21:17] Modify product: Uncharacterized sugar transferase EpsL => putative sugar transferase EpsL
[10:21:17] Modify product: PTS system EIIBC component SA0186 => PTS system EIIBC component
[10:21:17] Modify product: Uncharacterized HTH-type transcriptional regulator YbbH => putative HTH-type transcriptional regulator YbbH
[10:21:17] Modify product: Uncharacterized lipoprotein SAOUHSC_00053 => putative lipoprotein
[10:21:17] Modify product: Uncharacterized response regulatory protein SACOL0201 => putative response regulatory protein
[10:21:17] Modify product: Uncharacterized sensor-like histidine kinase SACOL0202 => putative sensor-like histidine kinase
[10:21:17] Modify product: Uncharacterized protein HI_0131 => putative protein
[10:21:17] Modify product: Probable 3-hydroxyacyl-CoA dehydrogenase => putative 3-hydroxyacyl-CoA dehydrogenase
[10:21:17] Modify product: Uncharacterized HTH-type transcriptional regulator YydK => putative HTH-type transcriptional regulator YydK
[10:21:17] Modify product: Probable glucose uptake protein GlcU => putative glucose uptake protein GlcU
[10:21:17] Modify product: Uncharacterized protein YxeI => putative protein YxeI
[10:21:17] Modify product: Probable formate transporter 1 => putative formate transporter 1
[10:21:17] Modify product: Uncharacterized ABC transporter permease Rv0072 => putative ABC transporter permease
[10:21:17] Modify product: Uncharacterized HTH-type transcriptional regulator YbbH => putative HTH-type transcriptional regulator YbbH
[10:21:17] Modify product: Uncharacterized oxidoreductase SpyM50865 => putative oxidoreductase
[10:21:17] Modify product: NAD(P)H-dependent FAD/FMN reductase GTNG_3158 => NAD(P)H-dependent FAD/FMN reductase
[10:21:17] Modify product: UPF0324 inner membrane protein YeiH => hypothetical protein
[10:21:17] Modify product: Probable iron uptake system component EfeM => putative iron uptake system component EfeM
[10:21:17] Modify product: Probable deferrochelatase/peroxidase EfeN => putative deferrochelatase/peroxidase EfeN
[10:21:17] Modify product: Probable acetyl-CoA acyltransferase => putative acetyl-CoA acyltransferase
[10:21:17] Modify product: UPF0637 protein SA0957 => hypothetical protein
[10:21:17] Modify product: UPF0358 protein MW0995 => hypothetical protein
[10:21:17] Modify product: Probable peptidoglycan glycosyltransferase FtsW => putative peptidoglycan glycosyltransferase FtsW
[10:21:18] Modify product: Probable heme-iron transport system permease protein IsdF => putative heme-iron transport system permease protein IsdF
[10:21:18] Modify product: Uncharacterized N-acetyltransferase SA1019 => putative N-acetyltransferase
[10:21:18] Modify product: Rqc2 homolog RqcH => Rqc2 RqcH
[10:21:18] Modify product: Probable dual-specificity RNA methyltransferase RlmN => putative dual-specificity RNA methyltransferase RlmN
[10:21:18] Modify product: Uncharacterized protein Spy1614 => putative protein
[10:21:18] Modify product: Uncharacterized protein SA1069 => putative protein
[10:21:18] Modify product: UPF0122 protein SAV1236 => hypothetical protein
[10:21:18] Modify product: Probable cell wall hydrolase LytN => putative cell wall hydrolase LytN
[10:21:18] Modify product: Putative zinc metalloprotease SA1105 => Putative zinc metalloprotease
[10:21:18] Modify product: Probable ribosomal protein YlxQ => putative ribosomal protein YlxQ
[10:21:18] Modify product: Uncharacterized protein YmcA => putative protein YmcA
[10:21:18] Modify product: Glutathione peroxidase homolog BsaA => Glutathione peroxidase BsaA
[10:21:18] Modify product: Putative phosphatase M6_Spy0533 => Putative phosphatase
[10:21:18] Modify product: UPF0291 protein SA1176 => hypothetical protein
[10:21:18] Modify product: UPF0154 protein SA1178 => hypothetical protein
[10:21:18] Modify product: Uncharacterized protein SA1186 => putative protein
[10:21:18] Modify product: Putative transport protein Rv0205 => Putative transport protein
[10:21:18] Modify product: Probable tautomerase SAR1376 => putative tautomerase
[10:21:18] Modify product: Uncharacterized ABC transporter ATP-binding protein YbiT => putative ABC transporter ATP-binding protein YbiT
[10:21:18] Modify product: TelA-like protein SA1238 => TelA-like protein
[10:21:18] Modify product: Probable undecaprenyl-phosphate N-acetylglucosaminyl 1-phosphate transferase => putative undecaprenyl-phosphate N-acetylglucosaminyl 1-phosphate transferase
[10:21:18] Modify product: Probable autolysin LDP => putative autolysin LDP
[10:21:18] Modify product: Nucleotide-binding protein SA0720 => Nucleotide-binding protein
[10:21:18] Modify product: Probable cell division protein WhiA => putative cell division protein WhiA
[10:21:18] Modify product: Epimerase family protein SA0724 => Epimerase family protein
[10:21:18] Modify product: Probable protein-export membrane protein SecG => putative protein-export membrane protein SecG
[10:21:18] Modify product: Organic hydroperoxide resistance protein-like => Organic hydroperoxide resistance protein-like protein
[10:21:19] Modify product: Uncharacterized protein YwqG => putative protein YwqG
[10:21:19] Modify product: UPF0337 protein SA0772 => hypothetical protein
[10:21:19] Modify product: UPF0051 protein SA0778 => hypothetical protein
[10:21:19] Modify product: Probable cysteine desulfurase => putative cysteine desulfurase
[10:21:19] Modify product: UPF0051 protein SA0778 => hypothetical protein
[10:21:19] Modify product: Probable autolysin LytO => putative autolysin LytO
[10:21:19] Modify product: UPF0053 inner membrane protein YfjD => hypothetical protein
[10:21:19] Modify product: UPF0331 protein YutE => hypothetical protein
[10:21:19] Modify product: Protein aq_1857 => Protein
[10:21:19] Modify product: NADH dehydrogenase-like protein SAOUHSC_00878 => NADH dehydrogenase-like protein
[10:21:19] Modify product: Putative esterase PA1618 => Putative esterase
[10:21:19] Modify product: Uncharacterized oxidoreductase SpyM50865 => putative oxidoreductase
[10:21:19] Modify product: Uncharacterized protein SA0829 => putative protein
[10:21:19] Modify product: UPF0413 protein SA0860 => hypothetical protein
[10:21:19] Modify product: Putative transport protein Rv0205 => Putative transport protein
[10:21:19] Modify product: Putative phosphoesterase SA0873 => Putative phosphoesterase
[10:21:19] Modify product: Probable glycolipid permease LtaA => putative glycolipid permease LtaA
[10:21:19] Modify product: UPF0053 inner membrane protein YgdQ => hypothetical protein
[10:21:19] Modify product: Serine protease HtrA-like => Serine protease HtrA-like protein
[10:21:19] Modify product: Uncharacterized ABC transporter ATP-binding protein Rv0986 => putative ABC transporter ATP-binding protein
[10:21:19] Modify product: Probable N-acetyl-LL-diaminopimelate aminotransferase => putative N-acetyl-LL-diaminopimelate aminotransferase
[10:21:19] Modify product: Acetyltransferase SACOL1063 => Acetyltransferase
[10:21:19] Modify product: Probable quinol oxidase subunit 1 => putative quinol oxidase subunit 1
[10:21:19] Modify product: Probable quinol oxidase subunit 2 => putative quinol oxidase subunit 2
[10:21:19] Modify product: Bifunctional protein FolD => Bifunctional protein FolD protein
[10:21:19] Modify product: UPF0223 protein BH2638 => hypothetical protein
[10:21:19] Modify product: Uncharacterized protein SA0370 => putative protein
[10:21:19] Modify product: UPF0355 protein SA0372 => hypothetical protein
[10:21:19] Modify product: Uncharacterized lipoprotein SA0397 => putative lipoprotein
[10:21:19] Modify product: Uncharacterized lipoprotein SA0397 => putative lipoprotein
[10:21:19] Modify product: Uncharacterized lipoprotein SA0397 => putative lipoprotein
[10:21:19] Modify product: Uncharacterized lipoprotein SAOUHSC_00053 => putative lipoprotein
[10:21:19] Modify product: Uncharacterized lipoprotein SAOUHSC_00053 => putative lipoprotein
[10:21:19] Modify product: Uncharacterized lipoprotein SA0397 => putative lipoprotein
[10:21:19] Modify product: Uncharacterized lipoprotein SA0397 => putative lipoprotein
[10:21:19] Modify product: Uncharacterized lipoprotein SA0397 => putative lipoprotein
[10:21:19] Modify product: Uncharacterized lipoprotein SA0397 => putative lipoprotein
[10:21:19] Modify product: Uncharacterized protein SAOUHSC_02783 => putative protein
[10:21:19] Modify product: Uncharacterized protein SAOUHSC_02783 => putative protein
[10:21:19] Modify product: Uncharacterized lipoprotein SA0397 => putative lipoprotein
[10:21:19] Modify product: Uncharacterized lipoprotein SAOUHSC_00053 => putative lipoprotein
[10:21:19] Modify product: Uncharacterized lipoprotein SAOUHSC_00053 => putative lipoprotein
[10:21:19] Modify product: Uncharacterized lipoprotein SA0397 => putative lipoprotein
[10:21:19] Modify product: Probable D-methionine-binding lipoprotein MetQ => putative D-methionine-binding lipoprotein MetQ
[10:21:19] Modify product: Nucleoid-associated protein SA0437 => Nucleoid-associated protein
[10:21:19] Modify product: UPF0213 protein BH0048 => hypothetical protein
[10:21:19] Modify product: Uncharacterized PIN and TRAM-domain containing protein YacL => putative PIN and TRAM-domain containing protein YacL
[10:21:19] Modify product: Uncharacterized protein YacP => putative protein YacP
[10:21:19] Modify product: Ribosome-associated protein L7Ae-like => Ribosome-associated protein L7Ae-like protein
[10:21:19] Modify product: Uncharacterized epimerase/dehydratase SA0511 => putative epimerase/dehydratase
[10:21:19] Modify product: Probable branched-chain-amino-acid aminotransferase => putative branched-chain-amino-acid aminotransferase
[10:21:19] Modify product: Probable N-acetyl-alpha-D-glucosaminyl L-malate deacetylase 2 => putative N-acetyl-alpha-D-glucosaminyl L-malate deacetylase 2
[10:21:19] Modify product: Uncharacterized protein YojF => putative protein YojF
[10:21:19] Modify product: Uncharacterized acyl--CoA ligase YhfT => putative acyl--CoA ligase YhfT
[10:21:19] Modify product: UPF0382 membrane protein YwdK => hypothetical protein
[10:21:19] Modify product: Putative heme-dependent peroxidase SA0544 => Putative heme-dependent peroxidase
[10:21:19] Modify product: Probable pyridine nucleotide-disulfide oxidoreductase RclA => putative pyridine nucleotide-disulfide oxidoreductase RclA
[10:21:19] Modify product: Uncharacterized beta-barrel protein YwiB => putative beta-barrel protein YwiB
[10:21:19] Modify product: Probable ABC transporter permease protein HI_1471 => putative ABC transporter permease protein
[10:21:19] Modify product: Uncharacterized protein Rv2715 => putative protein
[10:21:20] Modify product: Probable autolysin SsaALP => putative autolysin SsaALP
[10:21:20] Modify product: Probable transcriptional regulatory protein SA0624 => putative transcriptional regulatory protein
[10:21:20] Modify product: Acetyltransferase PA3944 => Acetyltransferase
[10:21:20] Modify product: Putative multidrug export ATP-binding/permease protein SAV1866 => Putative multidrug export ATP-binding/permease protein
[10:21:20] Modify product: Uncharacterized HTH-type transcriptional regulator YdjF => putative HTH-type transcriptional regulator YdjF
[10:21:20] Modify product: UPF0053 protein Rv1842c => hypothetical protein
[10:21:20] Modify product: Putative lipid kinase SA0681 => Putative lipid kinase
[10:21:20] Modify product: Probable CtpA-like serine protease => putative CtpA-like serine protease
[10:21:20] Modify product: UPF0346 protein MW1311 => hypothetical protein
[10:21:20] Modify product: DegV domain-containing protein MW1315 => DegV domain-containing protein
[10:21:20] Modify product: UPF0403 protein SA1261 => hypothetical protein
[10:21:20] Modify product: UPF0398 protein YpsA => hypothetical protein
[10:21:20] Modify product: Uncharacterized protein YpjD => putative protein YpjD
[10:21:20] Modify product: Probable L-asparaginase => putative L-asparaginase
[10:21:20] Modify product: Probable autolysin PH => putative autolysin PH
[10:21:20] Modify product: Uncharacterized oxidoreductase SA2266 => putative oxidoreductase
[10:21:20] Modify product: UPF0403 protein SA1345 => hypothetical protein
[10:21:20] Modify product: Uncharacterized protein Spy1535 => putative protein
[10:21:20] Modify product: Uncharacterized protein YibN => putative protein YibN
[10:21:20] Modify product: Probable glycine dehydrogenase (decarboxylating) subunit 2 => putative glycine dehydrogenase (decarboxylating) subunit 2
[10:21:20] Modify product: Probable glycine dehydrogenase (decarboxylating) subunit 1 => putative glycine dehydrogenase (decarboxylating) subunit 1
[10:21:20] Modify product: Probable metallo-hydrolase M6_Spy0554 => putative metallo-hydrolase
[10:21:20] Modify product: Uncharacterized protein YqgN => putative protein YqgN
[10:21:20] Modify product: Probable endonuclease 4 => putative endonuclease 4
[10:21:20] Modify product: GTP cyclohydrolase 1 type 2 homolog => GTP cyclohydrolase 1 type 2 
[10:21:20] Modify product: UPF0365 protein SA1402 => hypothetical protein
[10:21:20] Modify product: Uncharacterized protein YqeN => putative protein YqeN
[10:21:20] Modify product: Probable nicotinate-nucleotide adenylyltransferase => putative nicotinate-nucleotide adenylyltransferase
[10:21:20] Modify product: RNA-binding protein HI_1333 => RNA-binding protein
[10:21:20] Modify product: Uncharacterized protein YqeH => putative protein YqeH
[10:21:20] Modify product: 23S rRNA 5-hydroxycytidine C2501 synthase => 23S rRNA 5-hydroxycytidine synthase
[10:21:20] Modify product: UPF0473 protein SA1443 => hypothetical protein
[10:21:20] Modify product: UPF0297 protein SA1445 => hypothetical protein
[10:21:20] Modify product: UPF0337 protein SA1452 => hypothetical protein
[10:21:20] Modify product: Uncharacterized AAA domain-containing protein Rv2559c => putative AAA domain-containing protein
[10:21:20] Modify product: UPF0758 protein YsxA => hypothetical protein
[10:21:20] Modify product: Probable GTP-binding protein EngB => putative GTP-binding protein EngB
[10:21:20] Modify product: Putative surface protein SA2285 => Putative surface protein
[10:21:20] Modify product: UPF0173 metal-dependent hydrolase SA1529 => hypothetical protein
[10:21:20] Modify product: Uncharacterized peptidase SA1530 => putative peptidase
[10:21:20] Modify product: Putative universal stress protein SA1532 => Putative universal stress protein
[10:21:20] Modify product: Probable membrane transporter protein YfcA => putative membrane transporter protein YfcA
[10:21:20] Modify product: Probable tRNA sulfurtransferase => putative tRNA sulfurtransferase
[10:21:20] Modify product: UPF0478 protein SA1560 => hypothetical protein
[10:21:20] Modify product: UPF0354 protein SA1564 => hypothetical protein
[10:21:20] Modify product: Probable quorum-quenching lactonase YtnP => putative quorum-quenching lactonase YtnP
[10:21:20] Modify product: Putative dipeptidase SA1572 => Putative dipeptidase
[10:21:20] Modify product: Uncharacterized protein HI_0933 => putative protein
[10:21:20] Modify product: Sulfurtransferase Alvin_2599 => Sulfurtransferase
[10:21:20] Modify product: UPF0342 protein SA1663 => hypothetical protein
[10:21:20] Modify product: UPF0754 membrane protein SA1664 => hypothetical protein
[10:21:21] Modify product: Putative multidrug export ATP-binding/permease protein SAV1866 => Putative multidrug export ATP-binding/permease protein
[10:21:21] Modify product: UPF0374 protein SP_1903 => hypothetical protein
[10:21:21] Modify product: Uncharacterized protein YfhP => putative protein YfhP
[10:21:21] Modify product: Uncharacterized protein YfhH => putative protein YfhH
[10:21:21] Modify product: Uncharacterized protein SAV1875 => putative protein
[10:21:21] Modify product: UPF0435 protein SA1696 => hypothetical protein
[10:21:21] Modify product: Putative bifunctional exonuclease/endonuclease protein Rv2191 => Putative bifunctional exonuclease/endonuclease protein
[10:21:21] Modify product: UPF0316 protein SA1727 => hypothetical protein
[10:21:21] Modify product: Probable manganese-dependent inorganic pyrophosphatase => putative manganese-dependent inorganic pyrophosphatase
[10:21:21] Modify product: Uncharacterized protein SA1737 => putative protein
[10:21:21] Modify product: Uncharacterized leukocidin-like protein 1 => putative leukocidin-like protein 1
[10:21:21] Modify product: Uncharacterized leukocidin-like protein 2 => putative leukocidin-like protein 2
[10:21:21] Modify product: Probable succinyl-diaminopimelate desuccinylase => putative succinyl-diaminopimelate desuccinylase
[10:21:21] Modify product: UPF0394 inner membrane protein YeeE => hypothetical protein
[10:21:21] Modify product: Uncharacterized ABC transporter ATP-binding protein YheS => putative ABC transporter ATP-binding protein YheS
[10:21:21] Modify product: Uncharacterized protein YedJ => putative protein YedJ
[10:21:21] Modify product: Probable transglycosylase SceD => putative transglycosylase SceD
[10:21:21] Modify product: UPF0340 protein YwlG => hypothetical protein
[10:21:21] Modify product: Probable DNA-directed RNA polymerase subunit delta => putative DNA-directed RNA polymerase subunit delta
[10:21:21] Modify product: Probable mannose-6-phosphate isomerase GmuF => putative mannose-6-phosphate isomerase GmuF
[10:21:21] Modify product: Uncharacterized sugar epimerase YhfK => putative sugar epimerase YhfK
[10:21:21] Modify product: Uncharacterized ABC transporter ATP-binding protein YlmA => putative ABC transporter ATP-binding protein YlmA
[10:21:21] Modify product: UPF0073 inner membrane protein YqfA => hypothetical protein
[10:21:21] Modify product: Probable uridylyltransferase SA1974 => putative uridylyltransferase
[10:21:21] Modify product: UPF0457 protein SA1975.1 => hypothetical protein
[10:21:21] Modify product: Probable siderophore transport system permease protein YfiZ => putative siderophore transport system permease protein YfiZ
[10:21:21] Modify product: Zinc-type alcohol dehydrogenase-like protein SA1988 => Zinc-type alcohol dehydrogenase-like protein
[10:21:21] Modify product: Uncharacterized oxidoreductase MSMEG_2408/MSMEI_2347 => putative oxidoreductase/MSMEI_2347
[10:21:21] Modify product: Uncharacterized hydrolase SA2005 => putative hydrolase
[10:21:21] Modify product: Probable glucose uptake protein GlcU => putative glucose uptake protein GlcU
[10:21:21] Modify product: Uncharacterized HTH-type transcriptional regulator SAR2349 => putative HTH-type transcriptional regulator
[10:21:21] Modify product: Probable molybdenum cofactor guanylyltransferase => putative molybdenum cofactor guanylyltransferase
[10:21:21] Modify product: Urea transporter DVU1160 => Urea transporter
[10:21:21] Modify product: Putative 2-hydroxyacid dehydrogenase SA2098 => Putative 2-hydroxyacid dehydrogenase
[10:21:21] Modify product: Putative formate dehydrogenase SA2102 => Putative formate dehydrogenase
[10:21:21] Modify product: Uncharacterized HTH-type transcriptional regulator YbbH => putative HTH-type transcriptional regulator YbbH
[10:21:21] Modify product: Probable transport protein YifK => putative transport protein YifK
[10:21:21] Modify product: Phosphorylated carbohydrates phosphatase TM_1254 => Phosphorylated carbohydrates phosphatase
[10:21:21] Modify product: Uncharacterized oxidoreductase YghA => putative oxidoreductase YghA
[10:21:21] Modify product: UPF0060 membrane protein YnfA => hypothetical protein
[10:21:21] Modify product: Uncharacterized protein YhaP => putative protein YhaP
[10:21:21] Modify product: Uncharacterized HTH-type transcriptional regulator SACOL2360 => putative HTH-type transcriptional regulator
[10:21:21] Modify product: Probable malate:quinone oxidoreductase 1 => putative malate:quinone oxidoreductase 1
[10:21:21] Modify product: Uncharacterized lipoprotein SA2158 => putative lipoprotein
[10:21:21] Modify product: Probable nitrate transporter NarT => putative nitrate transporter NarT
[10:21:21] Modify product: Uncharacterized N-acetyltransferase YtmI => putative N-acetyltransferase YtmI
[10:21:21] Modify product: Probable amino-acid ABC transporter-binding protein HI_1080 => putative amino-acid ABC transporter-binding protein
[10:21:21] Modify product: Uncharacterized ABC transporter ATP-binding protein TM_0288 => putative ABC transporter ATP-binding protein
[10:21:22] Modify product: Probable iron export permease protein FetB => putative iron export permease protein FetB
[10:21:22] Modify product: Probable iron export ATP-binding protein FetA => putative iron export ATP-binding protein FetA
[10:21:22] Modify product: Uncharacterized lipoprotein YehR => putative lipoprotein YehR
[10:21:22] Modify product: Uncharacterized oxidoreductase SA2266 => putative oxidoreductase
[10:21:22] Modify product: Uncharacterized oxidoreductase SA2266 => putative oxidoreductase
[10:21:22] Modify product: Uncharacterized protein SA2269 => putative protein
[10:21:22] Modify product: Uncharacterized lipoprotein SA2273 => putative lipoprotein
[10:21:22] Modify product: Uncharacterized protein SAOUHSC_02783 => putative protein
[10:21:22] Modify product: Uncharacterized lipoprotein SA2273 => putative lipoprotein
[10:21:22] Modify product: Putative surface protein SA2285 => Putative surface protein
[10:21:22] Modify product: Probable sulfoacetate transporter SauU => putative sulfoacetate transporter SauU
[10:21:22] Modify product: Uncharacterized protein YjdJ => putative protein YjdJ
[10:21:22] Modify product: Putative NAD(P)H nitroreductase SA2311 => Putative NAD(P)H nitroreductase
[10:21:22] Modify product: Probable peptide export ATP-binding protein YydI => putative peptide export ATP-binding protein YydI
[10:21:22] Modify product: Probable peptide export permease protein YydJ => putative peptide export permease protein YydJ
[10:21:22] Modify product: Uncharacterized inner membrane transporter YicL => putative inner membrane transporter YicL
[10:21:22] Modify product: Putative acetyltransferase SA2342 => Putative acetyltransferase
[10:21:22] Modify product: Probable transglycosylase IsaA => putative transglycosylase IsaA
[10:21:22] Modify product: UPF0291 protein YnzC => hypothetical protein
[10:21:22] Modify product: Uncharacterized hydrolase SA2367 => putative hydrolase
[10:21:22] Modify product: Probable ketoamine kinase SAOUHSC_02908 => putative ketoamine kinase
[10:21:22] Modify product: Uncharacterized amino acid permease YhdG => putative amino acid permease YhdG
[10:21:22] Modify product: Probable malate:quinone oxidoreductase 2 => putative malate:quinone oxidoreductase 2
[10:21:22] Modify product: Glutathione peroxidase homolog BsaA => Glutathione peroxidase BsaA
[10:21:22] Modify product: Uncharacterized protein SA2420.1 => putative protein.1
[10:21:22] Modify product: N-acetylmuramoyl-L-alanine amidase domain-containing protein SAOUHSC_02979 => N-acetylmuramoyl-L-alanine amidase domain-containing protein
[10:21:22] Modify product: Probable poly-beta-1,6-N-acetyl-D-glucosamine export protein => putative poly-beta-1,6-N-acetyl-D-glucosamine export protein
[10:21:22] Modify product: UPF0397 protein SP_0482 => hypothetical protein
[10:21:22] Modify product: UPF0312 protein SA2479 => hypothetical protein
[10:21:22] Modify product: UPF0176 protein SP_0095 => hypothetical protein
[10:21:22] Cleaned 251 /product names
[10:21:22] Deleting unwanted file: R50/R50.sprot.tmp.7936.faa
[10:21:22] Deleting unwanted file: R50/R50.sprot.tmp.7936.blast
[10:21:22] There are still 977 unannotated CDS left (started with 2671)
[10:21:22] Will use hmmer3 to search against /home/brian/miniconda3/envs/pangenome2/db/hmm/HAMAP.hmm with 4 CPUs
[10:21:22] Running: cat R50\/R50\.HAMAP\.hmm\.tmp\.7936\.faa | parallel --gnu --plain -j 4 --block 28904 --recstart '>' --pipe hmmscan --noali --notextw --acc -E 1e-09 --cpu 1 /home/brian/miniconda3/envs/pangenome2/db/hmm/HAMAP.hmm /dev/stdin > R50\/R50\.HAMAP\.hmm\.tmp\.7936\.hmmer3 2> /dev/null
[10:27:23] Modify product: Protein SprT-like => Protein SprT-like protein
[10:27:23] Modify product: Uncharacterized MFS-type transporter YfcJ => putative MFS-type transporter YfcJ
[10:27:23] Cleaned 2 /product names
[10:27:23] Deleting unwanted file: R50/R50.HAMAP.hmm.tmp.7936.faa
[10:27:23] Deleting unwanted file: R50/R50.HAMAP.hmm.tmp.7936.hmmer3
[10:27:23] Labelling remaining 888 proteins as 'hypothetical protein'
[10:27:23] Possible /pseudo 'putative lipoprotein' at CP039167.1 position 25283
[10:27:23] Possible /pseudo 'putative lipoprotein' at CP039167.1 position 26069
[10:27:23] Possible /pseudo 'putative lipoprotein' at CP039167.1 position 26488
[10:27:23] Possible /pseudo 'putative lipoprotein' at CP039167.1 position 27222
[10:27:23] Possible /pseudo 'Phosphate-import permease protein PhnE' at CP039167.1 position 76822
[10:27:23] Possible /pseudo 'Type VII secretion system protein EsaG' at CP039167.1 position 261529
[10:27:23] Possible /pseudo 'Type VII secretion system protein EsaG' at CP039167.1 position 262040
[10:27:23] Possible /pseudo 'Type VII secretion system protein EsaG' at CP039167.1 position 262551
[10:27:23] Possible /pseudo 'Type VII secretion system protein EsaG' at CP039167.1 position 263062
[10:27:23] Possible /pseudo 'Staphylococcal superantigen-like 4' at CP039167.1 position 367589
[10:27:23] Possible /pseudo 'Staphylococcal superantigen-like 7' at CP039167.1 position 370598
[10:27:23] Possible /pseudo 'Staphylococcal superantigen-like 7' at CP039167.1 position 371673
[10:27:23] Possible /pseudo 'putative lipoprotein' at CP039167.1 position 380698
[10:27:23] Possible /pseudo 'putative lipoprotein' at CP039167.1 position 381537
[10:27:23] Possible /pseudo 'putative lipoprotein' at CP039167.1 position 382367
[10:27:23] Possible /pseudo 'putative lipoprotein' at CP039167.1 position 383186
[10:27:23] Possible /pseudo 'putative lipoprotein' at CP039167.1 position 384026
[10:27:23] Possible /pseudo 'putative lipoprotein' at CP039167.1 position 384859
[10:27:23] Possible /pseudo 'putative lipoprotein' at CP039167.1 position 385690
[10:27:23] Possible /pseudo 'putative lipoprotein' at CP039167.1 position 386521
[10:27:23] Possible /pseudo 'putative protein' at CP039167.1 position 388196
[10:27:23] Possible /pseudo 'putative lipoprotein' at CP039167.1 position 389905
[10:27:23] Possible /pseudo 'putative lipoprotein' at CP039167.1 position 390745
[10:27:23] Possible /pseudo 'putative lipoprotein' at CP039167.1 position 391705
[10:27:23] Possible /pseudo 'UDP-N-acetylglucosamine--peptide N-acetylglucosaminyltransferase GtfA subunit' at CP039167.1 position 535524
[10:27:23] Possible /pseudo 'Signal peptidase IB' at CP039167.1 position 901398
[10:27:23] Possible /pseudo 'Superantigen-like protein 13' at CP039167.1 position 1112231
[10:27:23] Possible /pseudo 'Superantigen-like protein 13' at CP039167.1 position 1113051
[10:27:23] Possible /pseudo 'Antibacterial protein 3' at CP039167.1 position 1121224
[10:27:23] Possible /pseudo 'putative protein' at CP039167.1 position 1176574
[10:27:23] Possible /pseudo 'Putative fluoride ion transporter CrcB' at CP039167.1 position 1861892
[10:27:23] Possible /pseudo 'Tyrosine recombinase XerC' at CP039167.1 position 2004835
[10:27:23] Possible /pseudo 'IS1182 family transposase ISSau3' at CP039167.1 position 2476958
[10:27:23] Possible /pseudo 'putative oxidoreductase' at CP039167.1 position 2483024
[10:27:23] Found 1384 unique /gene codes.
[10:27:23] Fixed 2 duplicate /gene - cspA_1 cspA_2
[10:27:23] Fixed 2 duplicate /gene - iscS_1 iscS_2
[10:27:23] Fixed 2 duplicate /gene - ghrB_1 ghrB_2
[10:27:23] Fixed 2 duplicate /gene - ssbA_1 ssbA_2
[10:27:23] Fixed 2 duplicate /gene - acsA_1 acsA_2
[10:27:23] Fixed 2 duplicate /gene - pepF1_1 pepF1_2
[10:27:23] Fixed 3 duplicate /gene - mhqA_1 mhqA_2 mhqA_3
[10:27:23] Fixed 3 duplicate /gene - gtfA_1 gtfA_2 gtfA_3
[10:27:23] Fixed 3 duplicate /gene - femA_1 femA_2 femA_3
[10:27:23] Fixed 2 duplicate /gene - bceA_1 bceA_2
[10:27:23] Fixed 2 duplicate /gene - uvrB_1 uvrB_2
[10:27:23] Fixed 3 duplicate /gene - hisC_1 hisC_2 hisC_3
[10:27:23] Fixed 2 duplicate /gene - recQ_1 recQ_2
[10:27:23] Fixed 2 duplicate /gene - lysP_1 lysP_2
[10:27:23] Fixed 2 duplicate /gene - oppF_1 oppF_2
[10:27:23] Fixed 2 duplicate /gene - catE_1 catE_2
[10:27:23] Fixed 2 duplicate /gene - metQ_1 metQ_2
[10:27:23] Fixed 2 duplicate /gene - argR_1 argR_2
[10:27:23] Fixed 5 duplicate /gene - btuD_1 btuD_2 btuD_3 btuD_4 btuD_5
[10:27:23] Fixed 2 duplicate /gene - ktrB_1 ktrB_2
[10:27:23] Fixed 2 duplicate /gene - cap8A_1 cap8A_2
[10:27:23] Fixed 2 duplicate /gene - hrtA_1 hrtA_2
[10:27:23] Fixed 2 duplicate /gene - tagU_1 tagU_2
[10:27:23] Fixed 2 duplicate /gene - ysdC_1 ysdC_2
[10:27:23] Fixed 2 duplicate /gene - mleN_1 mleN_2
[10:27:23] Fixed 2 duplicate /gene - farB_1 farB_2
[10:27:23] Fixed 3 duplicate /gene - brnQ_1 brnQ_2 brnQ_3
[10:27:23] Fixed 3 duplicate /gene - scn_1 scn_2 scn_3
[10:27:23] Fixed 2 duplicate /gene - dus_1 dus_2
[10:27:23] Fixed 4 duplicate /gene - scmP_1 scmP_2 scmP_3 scmP_4
[10:27:23] Fixed 3 duplicate /gene - ptsG_1 ptsG_2 ptsG_3
[10:27:23] Fixed 2 duplicate /gene - tadA_1 tadA_2
[10:27:23] Fixed 2 duplicate /gene - entC1_1 entC1_2
[10:27:23] Fixed 2 duplicate /gene - gatA_1 gatA_2
[10:27:23] Fixed 2 duplicate /gene - pepA_1 pepA_2
[10:27:23] Fixed 2 duplicate /gene - ywqD_1 ywqD_2
[10:27:23] Fixed 2 duplicate /gene - pepT_1 pepT_2
[10:27:23] Fixed 2 duplicate /gene - pxpB_1 pxpB_2
[10:27:23] Fixed 2 duplicate /gene - nth_1 nth_2
[10:27:23] Fixed 2 duplicate /gene - carA_1 carA_2
[10:27:23] Fixed 2 duplicate /gene - blaI_1 blaI_2
[10:27:23] Fixed 2 duplicate /gene - mnhD1_1 mnhD1_2
[10:27:23] Fixed 2 duplicate /gene - der_1 der_2
[10:27:23] Fixed 2 duplicate /gene - yciC_1 yciC_2
[10:27:23] Fixed 2 duplicate /gene - mntH_1 mntH_2
[10:27:23] Fixed 3 duplicate /gene - bcrA_1 bcrA_2 bcrA_3
[10:27:23] Fixed 2 duplicate /gene - leuA_1 leuA_2
[10:27:23] Fixed 5 duplicate /gene - xerC_1 xerC_2 xerC_3 xerC_4 xerC_5
[10:27:23] Fixed 3 duplicate /gene - hsdM_1 hsdM_2 hsdM_3
[10:27:23] Fixed 3 duplicate /gene - graS_1 graS_2 graS_3
[10:27:23] Fixed 2 duplicate /gene - oatA_1 oatA_2
[10:27:23] Fixed 2 duplicate /gene - ldhD_1 ldhD_2
[10:27:23] Fixed 2 duplicate /gene - gpmA_1 gpmA_2
[10:27:23] Fixed 2 duplicate /gene - tcyC_1 tcyC_2
[10:27:23] Fixed 2 duplicate /gene - aldC_1 aldC_2
[10:27:23] Fixed 2 duplicate /gene - bcr_1 bcr_2
[10:27:23] Fixed 2 duplicate /gene - garK_1 garK_2
[10:27:23] Fixed 2 duplicate /gene - lipA_1 lipA_2
[10:27:23] Fixed 2 duplicate /gene - dapH_1 dapH_2
[10:27:23] Fixed 2 duplicate /gene - gatC_1 gatC_2
[10:27:23] Fixed 2 duplicate /gene - glpQ_1 glpQ_2
[10:27:23] Fixed 2 duplicate /gene - spsB_1 spsB_2
[10:27:23] Fixed 2 duplicate /gene - accB_1 accB_2
[10:27:23] Fixed 2 duplicate /gene - crcB_1 crcB_2
[10:27:23] Fixed 4 duplicate /gene - norB_1 norB_2 norB_3 norB_4
[10:27:23] Fixed 5 duplicate /gene - essG_1 essG_2 essG_3 essG_4 essG_5
[10:27:23] Fixed 2 duplicate /gene - phnE_1 phnE_2
[10:27:23] Fixed 2 duplicate /gene - hemB_1 hemB_2
[10:27:23] Fixed 3 duplicate /gene - opuD_1 opuD_2 opuD_3
[10:27:23] Fixed 3 duplicate /gene - ssl4_1 ssl4_2 ssl4_3
[10:27:23] Fixed 2 duplicate /gene - cls_1 cls_2
[10:27:23] Fixed 2 duplicate /gene - alr1_1 alr1_2
[10:27:23] Fixed 2 duplicate /gene - lctP_1 lctP_2
[10:27:23] Fixed 2 duplicate /gene - ykoD_1 ykoD_2
[10:27:23] Fixed 2 duplicate /gene - nhaK_1 nhaK_2
[10:27:23] Fixed 2 duplicate /gene - est_1 est_2
[10:27:23] Fixed 2 duplicate /gene - bsaA_1 bsaA_2
[10:27:23] Fixed 2 duplicate /gene - cycA_1 cycA_2
[10:27:23] Fixed 2 duplicate /gene - isdG_1 isdG_2
[10:27:23] Fixed 3 duplicate /gene - map_1 map_2 map_3
[10:27:23] Fixed 9 duplicate /gene - lpl2_1 lpl2_2 lpl2_3 lpl2_4 lpl2_5 lpl2_6 lpl2_7 lpl2_8 lpl2_9
[10:27:23] Fixed 3 duplicate /gene - atl_1 atl_2 atl_3
[10:27:23] Fixed 2 duplicate /gene - gatB_1 gatB_2
[10:27:23] Fixed 2 duplicate /gene - trpG_1 trpG_2
[10:27:23] Fixed 3 duplicate /gene - lexA_1 lexA_2 lexA_3
[10:27:23] Fixed 2 duplicate /gene - ecfT_1 ecfT_2
[10:27:23] Fixed 2 duplicate /gene - blaZ_1 blaZ_2
[10:27:23] Fixed 2 duplicate /gene - pdhC_1 pdhC_2
[10:27:23] Fixed 2 duplicate /gene - ywqE_1 ywqE_2
[10:27:23] Fixed 3 duplicate /gene - pnp_1 pnp_2 pnp_3
[10:27:23] Fixed 2 duplicate /gene - treR_1 treR_2
[10:27:23] Fixed 2 duplicate /gene - glcU_1 glcU_2
[10:27:23] Fixed 2 duplicate /gene - mecA_1 mecA_2
[10:27:23] Fixed 2 duplicate /gene - lacC_1 lacC_2
[10:27:23] Fixed 2 duplicate /gene - gatD_1 gatD_2
[10:27:23] Fixed 2 duplicate /gene - rpmG2_1 rpmG2_2
[10:27:23] Fixed 2 duplicate /gene - secY_1 secY_2
[10:27:23] Fixed 2 duplicate /gene - aroA_1 aroA_2
[10:27:23] Fixed 2 duplicate /gene - rhaS_1 rhaS_2
[10:27:23] Fixed 2 duplicate /gene - uppP_1 uppP_2
[10:27:23] Fixed 3 duplicate /gene - graR_1 graR_2 graR_3
[10:27:23] Fixed 3 duplicate /gene - entA_1 entA_2 entA_3
[10:27:23] Fixed 2 duplicate /gene - nagB_1 nagB_2
[10:27:23] Fixed 2 duplicate /gene - nupC_1 nupC_2
[10:27:23] Fixed 2 duplicate /gene - pxpC_1 pxpC_2
[10:27:23] Fixed 2 duplicate /gene - slyA_1 slyA_2
[10:27:23] Fixed 3 duplicate /gene - bceB_1 bceB_2 bceB_3
[10:27:23] Fixed 2 duplicate /gene - yfiZ_1 yfiZ_2
[10:27:23] Fixed 2 duplicate /gene - rluD_1 rluD_2
[10:27:23] Fixed 2 duplicate /gene - lnrL_1 lnrL_2
[10:27:23] Fixed 2 duplicate /gene - yvgN_1 yvgN_2
[10:27:23] Fixed 2 duplicate /gene - secA1_1 secA1_2
[10:27:23] Fixed 2 duplicate /gene - mutS_1 mutS_2
[10:27:23] Fixed 2 duplicate /gene - ywpJ_1 ywpJ_2
[10:27:23] Fixed 2 duplicate /gene - ssl5_1 ssl5_2
[10:27:23] Fixed 3 duplicate /gene - ybbH_1 ybbH_2 ybbH_3
[10:27:23] Fixed 3 duplicate /gene - xerD_1 xerD_2 xerD_3
[10:27:23] Fixed 2 duplicate /gene - rocD2_1 rocD2_2
[10:27:23] Fixed 3 duplicate /gene - ssl7_1 ssl7_2 ssl7_3
[10:27:23] Fixed 2 duplicate /gene - treP_1 treP_2
[10:27:23] Fixed 2 duplicate /gene - ruvB_1 ruvB_2
[10:27:23] Fixed 2 duplicate /gene - hlb_1 hlb_2
[10:27:23] Fixed 2 duplicate /gene - tagH_1 tagH_2
[10:27:23] Fixed 2 duplicate /gene - cpdA_1 cpdA_2
[10:27:23] Fixed 2 duplicate /gene - blaR1-2_1 blaR1-2_2
[10:27:23] Fixed 2 duplicate /gene - mnaA_1 mnaA_2
[10:27:23] Fixed 2 duplicate /gene - rnmV_1 rnmV_2
[10:27:23] Fixed 2 duplicate /gene - czcD_1 czcD_2
[10:27:23] Fixed 2 duplicate /gene - hlgC_1 hlgC_2
[10:27:23] Fixed 2 duplicate /gene - clpP_1 clpP_2
[10:27:23] Fixed 2 duplicate /gene - yfmC_1 yfmC_2
[10:27:23] Fixed 2 duplicate /gene - oppD_1 oppD_2
[10:27:23] Fixed 2 duplicate /gene - hdfR_1 hdfR_2
[10:27:23] Fixed 2 duplicate /gene - metP_1 metP_2
[10:27:23] Fixed 134 colliding /gene names.
[10:27:23] Adding /locus_tag identifiers
[10:27:23] Assigned 2743 locus_tags to CDS and RNA features.
[10:27:23] Writing outputs to R50/
[10:27:25] Generating annotation statistics file
[10:27:25] Generating Genbank and Sequin files
[10:27:25] Running: tbl2asn -V b -a r10k -l paired-ends -M n -N 1 -y 'Annotated using prokka 1.14.6 from https://github.com/tseemann/prokka' -Z R50\/R50\.err -i R50\/R50\.fsa 2> /dev/null
[10:27:36] Deleting unwanted file: R50/errorsummary.val
[10:27:36] Deleting unwanted file: R50/R50.dr
[10:27:36] Deleting unwanted file: R50/R50.fixedproducts
[10:27:36] Deleting unwanted file: R50/R50.ecn
[10:27:36] Deleting unwanted file: R50/R50.val
[10:27:36] Repairing broken .GBK output that tbl2asn produces...
[10:27:36] Running: sed 's/COORDINATES: profile/COORDINATES:profile/' < R50\/R50\.gbf > R50\/R50\.gbk
[10:27:37] Deleting unwanted file: R50/R50.gbf
[10:27:37] Output files:
[10:27:37] R50/R50.err
[10:27:37] R50/R50.faa
[10:27:37] R50/R50.ffn
[10:27:37] R50/R50.fna
[10:27:37] R50/R50.fsa
[10:27:37] R50/R50.gbk
[10:27:37] R50/R50.gff
[10:27:37] R50/R50.log
[10:27:37] R50/R50.sqn
[10:27:37] R50/R50.tbl
[10:27:37] R50/R50.tsv
[10:27:37] R50/R50.txt
[10:27:37] Annotation finished successfully.
[10:27:37] Walltime used: 10.45 minutes
[10:27:37] If you use this result please cite the Prokka paper:
[10:27:37] Seemann T (2014) Prokka: rapid prokaryotic genome annotation. Bioinformatics. 30(14):2068-9.
[10:27:37] Type 'prokka --citation' for more details.
[10:27:37] Share and enjoy!
