[09:52:29] This is prokka 1.14.6
[09:52:29] Written by Torsten Seemann <torsten.seemann@gmail.com>
[09:52:29] Homepage is https://github.com/tseemann/prokka
[09:52:29] Local time is Wed Nov  6 09:52:29 2024
[09:52:29] You are brian
[09:52:29] Operating system is linux
[09:52:29] You have BioPerl 1.007002
[09:52:29] System has 4 cores.
[09:52:29] Will use maximum of 4 cores.
[09:52:29] Annotating as >>> Bacteria <<<
[09:52:29] Creating new output folder: NRS1
[09:52:29] Running: mkdir -p NRS1
[09:52:29] Using filename prefix: NRS1.XXX
[09:52:29] Setting HMMER_NCPU=1
[09:52:29] Writing log to: NRS1/NRS1.log
[09:52:29] Command: /home/brian/miniconda3/envs/pangenome2/bin/prokka --cpus 4 --kingdom Bacteria --prefix NRS1 --locustag NRS1 sequences/NRS1.fasta
[09:52:29] Appending to PATH: /home/brian/miniconda3/envs/pangenome2/bin
[09:52:29] Looking for 'aragorn' - found /home/brian/miniconda3/envs/pangenome2/bin/aragorn
[09:52:29] Determined aragorn version is 001002 from 'ARAGORN v1.2.41 Dean Laslett'
[09:52:29] Looking for 'barrnap' - found /home/brian/miniconda3/envs/pangenome2/bin/barrnap
[09:52:29] Determined barrnap version is 000009 from 'barrnap 0.9'
[09:52:29] Looking for 'blastp' - found /home/brian/miniconda3/envs/pangenome2/bin/blastp
[09:52:30] Determined blastp version is 002016 from 'blastp: 2.16.0+'
[09:52:30] Looking for 'cmpress' - found /home/brian/miniconda3/envs/pangenome2/bin/cmpress
[09:52:30] Determined cmpress version is 001001 from '# INFERNAL 1.1.4 (Dec 2020)'
[09:52:30] Looking for 'cmscan' - found /home/brian/miniconda3/envs/pangenome2/bin/cmscan
[09:52:30] Determined cmscan version is 001001 from '# INFERNAL 1.1.4 (Dec 2020)'
[09:52:30] Looking for 'egrep' - found /usr/bin/egrep
[09:52:30] Looking for 'find' - found /usr/bin/find
[09:52:30] Looking for 'grep' - found /usr/bin/grep
[09:52:30] Looking for 'hmmpress' - found /home/brian/miniconda3/envs/pangenome2/bin/hmmpress
[09:52:30] Determined hmmpress version is 003004 from '# HMMER 3.4 (Aug 2023); http://hmmer.org/'
[09:52:30] Looking for 'hmmscan' - found /home/brian/miniconda3/envs/pangenome2/bin/hmmscan
[09:52:30] Determined hmmscan version is 003004 from '# HMMER 3.4 (Aug 2023); http://hmmer.org/'
[09:52:30] Looking for 'java' - found /home/brian/miniconda3/envs/pangenome2/bin/java
[09:52:30] Looking for 'makeblastdb' - found /home/brian/miniconda3/envs/pangenome2/bin/makeblastdb
[09:52:30] Determined makeblastdb version is 002016 from 'makeblastdb: 2.16.0+'
[09:52:30] Looking for 'minced' - found /home/brian/miniconda3/envs/pangenome2/bin/minced
[09:52:31] Determined minced version is 004002 from 'minced 0.4.2'
[09:52:31] Looking for 'parallel' - found /home/brian/miniconda3/envs/pangenome2/bin/parallel
[09:52:31] Determined parallel version is 20240922 from 'GNU parallel 20240922'
[09:52:31] Looking for 'prodigal' - found /home/brian/miniconda3/envs/pangenome2/bin/prodigal
[09:52:31] Determined prodigal version is 002006 from 'Prodigal V2.6.3: February, 2016'
[09:52:31] Looking for 'prokka-genbank_to_fasta_db' - found /home/brian/miniconda3/envs/pangenome2/bin/prokka-genbank_to_fasta_db
[09:52:31] Looking for 'sed' - found /usr/bin/sed
[09:52:31] Looking for 'tbl2asn' - found /home/brian/miniconda3/envs/pangenome2/bin/tbl2asn
[09:52:31] Determined tbl2asn version is 025007 from 'tbl2asn 25.7   arguments:'
[09:52:31] Using genetic code table 11.
[09:52:31] Loading and checking input file: sequences/NRS1.fasta
[09:52:31] Wrote 1 contigs totalling 2878504 bp.
[09:52:31] Predicting tRNAs and tmRNAs
[09:52:31] Running: aragorn -l -gc11  -w NRS1\/NRS1\.fna
[09:52:32] 1 tRNA-Glu [559038,559112] 34 (ttc)
[09:52:32] 2 tRNA-Asp [559120,559192] 34 (gtc)
[09:52:32] 3 tRNA-Ser [1056107,1056199] 37 (tga)
[09:52:32] 4 tRNA-Val [1108870,1108945] 34 (tac)
[09:52:32] 5 tRNA-Thr [1108962,1109037] 34 (tgt)
[09:52:32] 6 tRNA-Lys [1109043,1109117] 35 (ttt)
[09:52:32] 7 tRNA-Gly [1109150,1109224] 33 (gcc)
[09:52:32] 8 tRNA-Leu [1109232,1109320] 35 (taa)
[09:52:32] 9 tRNA-Arg [1109326,1109402] 35 (acg)
[09:52:32] 10 tRNA-Pro [1109423,1109496] 35 (tgg)
[09:52:32] 11 tRNA-Ala [1109520,1109595] 34 (tgc)
[09:52:32] 12 tRNA-Ile [1111363,1111439] 35 (gat)
[09:52:32] 13 tRNA-Arg c[1386442,1386514] 34 (ccg)
[09:52:32] 14 tmRNA [1402868,1403226] 94,129 GKSNNNFAVAA*
[09:52:32] 15 tRNA-Ile [1551824,1551900] 35 (gat)
[09:52:32] 16 tRNA-Ala [1551919,1551994] 34 (tgc)
[09:52:32] 17 tRNA-Val [1555329,1555404] 34 (tac)
[09:52:32] 18 tRNA-Thr [1555421,1555496] 34 (tgt)
[09:52:32] 19 tRNA-Lys [1555502,1555577] 34 (ttt)
[09:52:32] 20 tRNA-Leu [1555580,1555663] 36 (tag)
[09:52:32] 21 tRNA-Gly [1555666,1555740] 33 (gcc)
[09:52:32] 22 tRNA-Leu [1555751,1555839] 35 (taa)
[09:52:32] 23 tRNA-Arg [1555857,1555932] 36 (acg)
[09:52:32] 24 tRNA-Pro [1555941,1556014] 35 (tgg)
[09:52:32] 25 tRNA-Ala [1556032,1556107] 34 (tgc)
[09:52:32] 26 tRNA-Met [1556129,1556203] 35 (cat)
[09:52:32] 27 tRNA-Met [1556231,1556304] 35 (cat)
[09:52:32] 28 tRNA-Ser [1556313,1556404] 38 (tga)
[09:52:32] 29 tRNA-Asp [1556414,1556489] 34 (gtc)
[09:52:32] 30 tRNA-Ser [1556528,1556620] 37 (tga)
[09:52:32] 31 tRNA-Met [1556634,1556709] 36 (cat)
[09:52:32] 32 tRNA-Asp [1556730,1556805] 34 (gtc)
[09:52:32] 33 tRNA-Phe [1556823,1556897] 35 (gaa)
[09:52:32] 34 tRNA-Thr [1556904,1556979] 34 (tgt)
[09:52:32] 35 tRNA-Tyr [1556984,1557066] 36 (gta)
[09:52:32] 36 tRNA-Trp [1557081,1557154] 33 (cca)
[09:52:32] 37 tRNA-His [1557157,1557230] 34 (gtg)
[09:52:32] 38 tRNA-Gln [1557241,1557312] 33 (ttg)
[09:52:32] 39 tRNA-Cys [1557318,1557391] 33 (gca)
[09:52:32] 40 tRNA-Gly [1557399,1557473] 34 (tcc)
[09:52:32] 41 tRNA-Gly [1557489,1557563] 34 (tcc)
[09:52:32] 42 tRNA-Gly [1557577,1557651] 34 (tcc)
[09:52:32] 43 tRNA-Leu [1557690,1557773] 35 (caa)
[09:52:32] 44 tRNA-Met [1591471,1591544] 35 (cat)
[09:52:32] 45 tRNA-Asp [1591566,1591641] 34 (gtc)
[09:52:32] 46 tRNA-Phe [1591658,1591730] 34 (gaa)
[09:52:32] 47 tRNA-His [1591744,1591819] 34 (gtg)
[09:52:32] 48 tRNA-Gly [1591835,1591908] 33 (tcc)
[09:52:32] 49 tRNA-Asn [1591926,1592000] 33 (gtt)
[09:52:32] 50 tRNA-Glu [1592001,1592074] 35 (ttc)
[09:52:32] 51 tRNA-Ser [1592128,1592216] 36 (gga)
[09:52:32] 52 tRNA-Arg [2323277,2323352] 36 (tct)
[09:52:32] 53 tRNA-Asn [2472749,2472823] 33 (gtt)
[09:52:32] 54 tRNA-Ser [2472825,2472915] 37 (gct)
[09:52:32] 55 tRNA-Gly c[2725578,2725651] 33 (tcc)
[09:52:32] 56 tRNA-Leu c[2725673,2725755] 34 (gag)
[09:52:32] 57 tRNA-Lys c[2834798,2834871] 34 (ttt)
[09:52:32] 58 tRNA-Gln c[2834875,2834949] 33 (ttg)
[09:52:32] 59 tRNA-Tyr c[2834959,2835042] 35 (gta)
[09:52:32] 60 tRNA-Val c[2835072,2835147] 34 (tac)
[09:52:32] 61 tRNA-Glu c[2835154,2835227] 35 (ttc)
[09:52:32] 62 tRNA-Asn c[2835228,2835302] 33 (gtt)
[09:52:32] Found 62 tRNAs
[09:52:32] Predicting Ribosomal RNAs
[09:52:32] Running Barrnap with 4 threads
[09:52:35] 1 CP026069.1 1065358 16S ribosomal RNA
[09:52:35] 2 CP026069.1 1067276 23S ribosomal RNA
[09:52:35] 3 CP026069.1 1070271 5S ribosomal RNA (partial)
[09:52:35] 4 CP026069.1 1108745 5S ribosomal RNA (partial)
[09:52:35] 5 CP026069.1 1109719 16S ribosomal RNA
[09:52:35] 6 CP026069.1 1111608 23S ribosomal RNA
[09:52:35] 7 CP026069.1 1114603 5S ribosomal RNA (partial)
[09:52:35] 8 CP026069.1 1550183 16S ribosomal RNA
[09:52:35] 9 CP026069.1 1552210 23S ribosomal RNA
[09:52:35] 10 CP026069.1 1555205 5S ribosomal RNA (partial)
[09:52:35] 11 CP026069.1 2720362 5S ribosomal RNA (partial)
[09:52:35] 12 CP026069.1 2720516 23S ribosomal RNA
[09:52:35] 13 CP026069.1 2723909 16S ribosomal RNA
[09:52:35] 14 CP026069.1 2835348 5S ribosomal RNA (partial)
[09:52:35] 15 CP026069.1 2835502 23S ribosomal RNA
[09:52:36] 16 CP026069.1 2838895 16S ribosomal RNA
[09:52:36] Found 16 rRNAs
[09:52:36] Skipping ncRNA search, enable with --rfam if desired.
[09:52:36] Total of 77 tRNA + rRNA features
[09:52:36] Searching for CRISPR repeats
[09:52:37] Found 0 CRISPRs
[09:52:37] Predicting coding sequences
[09:52:37] Contigs total 2878504 bp, so using single mode
[09:52:37] Running: prodigal -i NRS1\/NRS1\.fna -c -m -g 11 -p single -f sco -q
[09:52:44] Found 2662 CDS
[09:52:44] Connecting features back to sequences
[09:52:44] Not using genus-specific database. Try --usegenus to enable it.
[09:52:44] Annotating CDS, please be patient.
[09:52:44] Will use 4 CPUs for similarity searching.
[09:52:45] There are still 2662 unannotated CDS left (started with 2662)
[09:52:45] Will use blast to search against /home/brian/miniconda3/envs/pangenome2/db/kingdom/Bacteria/IS with 4 CPUs
[09:52:45] Running: cat NRS1\/NRS1\.IS\.tmp\.5174\.faa | parallel --gnu --plain -j 4 --block 102295 --recstart '>' --pipe blastp -query - -db /home/brian/miniconda3/envs/pangenome2/db/kingdom/Bacteria/IS -evalue 1e-30 -qcov_hsp_perc 90 -num_threads 1 -num_descriptions 1 -num_alignments 1 -seg no > NRS1\/NRS1\.IS\.tmp\.5174\.blast 2> /dev/null
[09:53:13] Deleting unwanted file: NRS1/NRS1.IS.tmp.5174.faa
[09:53:13] Deleting unwanted file: NRS1/NRS1.IS.tmp.5174.blast
[09:53:14] There are still 2643 unannotated CDS left (started with 2662)
[09:53:14] Will use blast to search against /home/brian/miniconda3/envs/pangenome2/db/kingdom/Bacteria/AMR with 4 CPUs
[09:53:14] Running: cat NRS1\/NRS1\.AMR\.tmp\.5174\.faa | parallel --gnu --plain -j 4 --block 101527 --recstart '>' --pipe blastp -query - -db /home/brian/miniconda3/envs/pangenome2/db/kingdom/Bacteria/AMR -evalue 9.99999999999999e-301 -qcov_hsp_perc 90 -num_threads 1 -num_descriptions 1 -num_alignments 1 -seg no > NRS1\/NRS1\.AMR\.tmp\.5174\.blast 2> /dev/null
[09:53:48] Deleting unwanted file: NRS1/NRS1.AMR.tmp.5174.faa
[09:53:48] Deleting unwanted file: NRS1/NRS1.AMR.tmp.5174.blast
[09:53:49] There are still 2639 unannotated CDS left (started with 2662)
[09:53:49] Will use blast to search against /home/brian/miniconda3/envs/pangenome2/db/kingdom/Bacteria/sprot with 4 CPUs
[09:53:49] Running: cat NRS1\/NRS1\.sprot\.tmp\.5174\.faa | parallel --gnu --plain -j 4 --block 101231 --recstart '>' --pipe blastp -query - -db /home/brian/miniconda3/envs/pangenome2/db/kingdom/Bacteria/sprot -evalue 1e-09 -qcov_hsp_perc 80 -num_threads 1 -num_descriptions 1 -num_alignments 1 -seg no > NRS1\/NRS1\.sprot\.tmp\.5174\.blast 2> /dev/null
[09:56:41] Modify product: PTS system EIIBC component SA0186 => PTS system EIIBC component
[09:56:41] Modify product: Uncharacterized HTH-type transcriptional regulator YbbH => putative HTH-type transcriptional regulator YbbH
[09:56:41] Modify product: Uncharacterized ABC transporter ATP-binding protein YknY => putative ABC transporter ATP-binding protein YknY
[09:56:41] Modify product: Uncharacterized lipoprotein SAOUHSC_00053 => putative lipoprotein
[09:56:41] Modify product: Uncharacterized response regulatory protein SA0215 => putative response regulatory protein
[09:56:41] Modify product: Uncharacterized sensor-like histidine kinase SACOL0202 => putative sensor-like histidine kinase
[09:56:41] Modify product: Uncharacterized protein HI_0131 => putative protein
[09:56:41] Modify product: Probable 3-hydroxyacyl-CoA dehydrogenase => putative 3-hydroxyacyl-CoA dehydrogenase
[09:56:42] Modify product: Uncharacterized HTH-type transcriptional regulator YydK => putative HTH-type transcriptional regulator YydK
[09:56:42] Modify product: Probable glucose uptake protein GlcU => putative glucose uptake protein GlcU
[09:56:42] Modify product: Uncharacterized protein YxeI => putative protein YxeI
[09:56:42] Modify product: Probable formate transporter 1 => putative formate transporter 1
[09:56:42] Modify product: Uncharacterized ABC transporter permease Rv0072 => putative ABC transporter permease
[09:56:42] Modify product: Uncharacterized HTH-type transcriptional regulator YbbH => putative HTH-type transcriptional regulator YbbH
[09:56:42] Modify product: Uncharacterized oxidoreductase SpyM50865 => putative oxidoreductase
[09:56:42] Modify product: NAD(P)H-dependent FAD/FMN reductase GTNG_3158 => NAD(P)H-dependent FAD/FMN reductase
[09:56:42] Modify product: UPF0324 inner membrane protein YeiH => hypothetical protein
[09:56:42] Modify product: Probable iron uptake system component EfeM => putative iron uptake system component EfeM
[09:56:42] Modify product: Probable deferrochelatase/peroxidase EfeN => putative deferrochelatase/peroxidase EfeN
[09:56:42] Modify product: Probable acetyl-CoA acyltransferase => putative acetyl-CoA acyltransferase
[09:56:42] Modify product: Uncharacterized protein SA0370 => putative protein
[09:56:42] Modify product: UPF0355 protein SA0372 => hypothetical protein
[09:56:42] Modify product: Uncharacterized lipoprotein SA0397 => putative lipoprotein
[09:56:42] Modify product: Uncharacterized lipoprotein SA0397 => putative lipoprotein
[09:56:42] Modify product: Uncharacterized protein SA2269 => putative protein
[09:56:42] Modify product: Uncharacterized lipoprotein SAOUHSC_00053 => putative lipoprotein
[09:56:42] Modify product: Uncharacterized lipoprotein SA0397 => putative lipoprotein
[09:56:42] Modify product: Uncharacterized lipoprotein SAOUHSC_00053 => putative lipoprotein
[09:56:42] Modify product: Uncharacterized lipoprotein SA0397 => putative lipoprotein
[09:56:42] Modify product: Uncharacterized lipoprotein SA0397 => putative lipoprotein
[09:56:42] Modify product: Uncharacterized lipoprotein SAOUHSC_00053 => putative lipoprotein
[09:56:42] Modify product: Uncharacterized lipoprotein SA0397 => putative lipoprotein
[09:56:42] Modify product: Probable D-methionine-binding lipoprotein MetQ => putative D-methionine-binding lipoprotein MetQ
[09:56:42] Modify product: Nucleoid-associated protein SA0437 => Nucleoid-associated protein
[09:56:42] Modify product: UPF0213 protein BH0048 => hypothetical protein
[09:56:42] Modify product: Uncharacterized hydrolase SA2005 => putative hydrolase
[09:56:43] Modify product: Probable glucose uptake protein GlcU => putative glucose uptake protein GlcU
[09:56:43] Modify product: Uncharacterized HTH-type transcriptional regulator SAR2349 => putative HTH-type transcriptional regulator
[09:56:43] Modify product: Probable molybdenum cofactor guanylyltransferase => putative molybdenum cofactor guanylyltransferase
[09:56:43] Modify product: Urea transporter DVU1160 => Urea transporter
[09:56:43] Modify product: Putative 2-hydroxyacid dehydrogenase SA2098 => Putative 2-hydroxyacid dehydrogenase
[09:56:43] Modify product: Putative formate dehydrogenase SA2102 => Putative formate dehydrogenase
[09:56:43] Modify product: Uncharacterized HTH-type transcriptional regulator YbbH => putative HTH-type transcriptional regulator YbbH
[09:56:43] Modify product: Probable transport protein YifK => putative transport protein YifK
[09:56:43] Modify product: Phosphorylated carbohydrates phosphatase TM_1254 => Phosphorylated carbohydrates phosphatase
[09:56:43] Modify product: Uncharacterized oxidoreductase YghA => putative oxidoreductase YghA
[09:56:43] Modify product: UPF0060 membrane protein YnfA => hypothetical protein
[09:56:43] Modify product: Uncharacterized protein YhaP => putative protein YhaP
[09:56:43] Modify product: Uncharacterized HTH-type transcriptional regulator SACOL2360 => putative HTH-type transcriptional regulator
[09:56:43] Modify product: Probable malate:quinone oxidoreductase 1 => putative malate:quinone oxidoreductase 1
[09:56:43] Modify product: Uncharacterized lipoprotein SA2158 => putative lipoprotein
[09:56:43] Modify product: Probable nitrate transporter NarT => putative nitrate transporter NarT
[09:56:43] Modify product: Uncharacterized N-acetyltransferase YtmI => putative N-acetyltransferase YtmI
[09:56:43] Modify product: Probable amino-acid ABC transporter-binding protein HI_1080 => putative amino-acid ABC transporter-binding protein
[09:56:43] Modify product: Uncharacterized ABC transporter ATP-binding protein TM_0288 => putative ABC transporter ATP-binding protein
[09:56:43] Modify product: Putative multidrug export ATP-binding/permease protein SAV1866 => Putative multidrug export ATP-binding/permease protein
[09:56:43] Modify product: Probable iron export permease protein FetB => putative iron export permease protein FetB
[09:56:43] Modify product: Probable iron export ATP-binding protein FetA => putative iron export ATP-binding protein FetA
[09:56:43] Modify product: Uncharacterized lipoprotein YehR => putative lipoprotein YehR
[09:56:43] Modify product: Uncharacterized oxidoreductase SA2266 => putative oxidoreductase
[09:56:43] Modify product: Uncharacterized protein SA2269 => putative protein
[09:56:43] Modify product: Uncharacterized lipoprotein SA2273 => putative lipoprotein
[09:56:43] Modify product: Uncharacterized protein SA2269 => putative protein
[09:56:43] Modify product: Uncharacterized protein SAOUHSC_02783 => putative protein
[09:56:43] Modify product: Putative surface protein SA2285 => Putative surface protein
[09:56:43] Modify product: Probable sulfoacetate transporter SauU => putative sulfoacetate transporter SauU
[09:56:43] Modify product: Uncharacterized protein YjdJ => putative protein YjdJ
[09:56:43] Modify product: Putative NAD(P)H nitroreductase SA2311 => Putative NAD(P)H nitroreductase
[09:56:43] Modify product: Probable peptide export ATP-binding protein YydI => putative peptide export ATP-binding protein YydI
[09:56:43] Modify product: Probable peptide export permease protein YydJ => putative peptide export permease protein YydJ
[09:56:44] Modify product: Uncharacterized inner membrane transporter YicL => putative inner membrane transporter YicL
[09:56:44] Modify product: Putative acetyltransferase SA2342 => Putative acetyltransferase
[09:56:44] Modify product: Probable transglycosylase IsaA => putative transglycosylase IsaA
[09:56:44] Modify product: UPF0291 protein YnzC => hypothetical protein
[09:56:44] Modify product: Uncharacterized hydrolase SA2367 => putative hydrolase
[09:56:44] Modify product: Probable ketoamine kinase SAOUHSC_02908 => putative ketoamine kinase
[09:56:44] Modify product: Uncharacterized amino acid permease YhdG => putative amino acid permease YhdG
[09:56:44] Modify product: Probable malate:quinone oxidoreductase 2 => putative malate:quinone oxidoreductase 2
[09:56:44] Modify product: Glutathione peroxidase homolog BsaA => Glutathione peroxidase BsaA
[09:56:44] Modify product: Uncharacterized protein SA2420.1 => putative protein.1
[09:56:44] Modify product: N-acetylmuramoyl-L-alanine amidase domain-containing protein SAOUHSC_02979 => N-acetylmuramoyl-L-alanine amidase domain-containing protein
[09:56:44] Modify product: Probable poly-beta-1,6-N-acetyl-D-glucosamine export protein => putative poly-beta-1,6-N-acetyl-D-glucosamine export protein
[09:56:44] Modify product: UPF0397 protein SP_0482 => hypothetical protein
[09:56:44] Modify product: UPF0312 protein SA2479 => hypothetical protein
[09:56:44] Modify product: UPF0176 protein SP_0095 => hypothetical protein
[09:56:44] Modify product: Probable tRNA-dihydrouridine synthase => putative tRNA-dihydrouridine synthase
[09:56:44] Modify product: Uncharacterized lipoprotein SAOUHSC_00052 => putative lipoprotein
[09:56:44] Modify product: Uncharacterized lipoprotein SAOUHSC_00053 => putative lipoprotein
[09:56:44] Modify product: Uncharacterized lipoprotein SAOUHSC_00053 => putative lipoprotein
[09:56:44] Modify product: Uncharacterized lipoprotein SAOUHSC_00053 => putative lipoprotein
[09:56:44] Modify product: Uncharacterized lipoprotein SAOUHSC_00053 => putative lipoprotein
[09:56:44] Modify product: Probable siderophore transport system permease protein YfhA => putative siderophore transport system permease protein YfhA
[09:56:44] Modify product: Probable siderophore transport system permease protein YfiZ => putative siderophore transport system permease protein YfiZ
[09:56:44] Modify product: Probable siderophore-binding lipoprotein YfiY => putative siderophore-binding lipoprotein YfiY
[09:56:44] Modify product: Probable ABC transporter phosphonate/phosphite binding protein PhnD2 => putative ABC transporter phosphonate/phosphite binding protein PhnD2
[09:56:44] Modify product: Uncharacterized sugar transferase EpsL => putative sugar transferase EpsL
[09:56:45] Modify product: Uncharacterized PIN and TRAM-domain containing protein YacL => putative PIN and TRAM-domain containing protein YacL
[09:56:45] Modify product: Uncharacterized protein YacP => putative protein YacP
[09:56:45] Modify product: Ribosome-associated protein L7Ae-like => Ribosome-associated protein L7Ae-like protein
[09:56:45] Modify product: Uncharacterized epimerase/dehydratase SA0511 => putative epimerase/dehydratase
[09:56:45] Modify product: Probable branched-chain-amino-acid aminotransferase => putative branched-chain-amino-acid aminotransferase
[09:56:45] Modify product: Probable N-acetyl-alpha-D-glucosaminyl L-malate deacetylase 2 => putative N-acetyl-alpha-D-glucosaminyl L-malate deacetylase 2
[09:56:45] Modify product: Uncharacterized protein YojF => putative protein YojF
[09:56:45] Modify product: UPF0382 membrane protein YwdK => hypothetical protein
[09:56:45] Modify product: Putative heme-dependent peroxidase SA0544 => Putative heme-dependent peroxidase
[09:56:45] Modify product: Probable pyridine nucleotide-disulfide oxidoreductase RclA => putative pyridine nucleotide-disulfide oxidoreductase RclA
[09:56:45] Modify product: Uncharacterized beta-barrel protein YwiB => putative beta-barrel protein YwiB
[09:56:45] Modify product: Probable ABC transporter permease protein HI_1471 => putative ABC transporter permease protein
[09:56:45] Modify product: Uncharacterized protein Rv2715 => putative protein
[09:56:45] Modify product: Probable autolysin SsaALP => putative autolysin SsaALP
[09:56:45] Modify product: Probable transcriptional regulatory protein SA0624 => putative transcriptional regulatory protein
[09:56:45] Modify product: Acetyltransferase PA3944 => Acetyltransferase
[09:56:45] Modify product: Putative multidrug export ATP-binding/permease protein SAV1866 => Putative multidrug export ATP-binding/permease protein
[09:56:45] Modify product: Uncharacterized HTH-type transcriptional regulator YdjF => putative HTH-type transcriptional regulator YdjF
[09:56:45] Modify product: UPF0053 protein Rv1842c => hypothetical protein
[09:56:45] Modify product: Putative lipid kinase SA0681 => Putative lipid kinase
[09:56:45] Modify product: Probable undecaprenyl-phosphate N-acetylglucosaminyl 1-phosphate transferase => putative undecaprenyl-phosphate N-acetylglucosaminyl 1-phosphate transferase
[09:56:45] Modify product: Probable autolysin LDP => putative autolysin LDP
[09:56:45] Modify product: Nucleotide-binding protein SA0720 => Nucleotide-binding protein
[09:56:45] Modify product: Probable cell division protein WhiA => putative cell division protein WhiA
[09:56:45] Modify product: Epimerase family protein SA0724 => Epimerase family protein
[09:56:45] Modify product: Probable protein-export membrane protein SecG => putative protein-export membrane protein SecG
[09:56:45] Modify product: Probable succinyl-diaminopimelate desuccinylase => putative succinyl-diaminopimelate desuccinylase
[09:56:45] Modify product: Uncharacterized leukocidin-like protein 2 => putative leukocidin-like protein 2
[09:56:45] Modify product: Uncharacterized leukocidin-like protein 1 => putative leukocidin-like protein 1
[09:56:45] Modify product: Probable autolysin PH => putative autolysin PH
[09:56:45] Modify product: Uncharacterized protein SA1737 => putative protein
[09:56:45] Modify product: Probable manganese-dependent inorganic pyrophosphatase => putative manganese-dependent inorganic pyrophosphatase
[09:56:45] Modify product: UPF0316 protein SA1727 => hypothetical protein
[09:56:45] Modify product: Putative bifunctional exonuclease/endonuclease protein Rv2191 => Putative bifunctional exonuclease/endonuclease protein
[09:56:46] Modify product: UPF0435 protein SA1696 => hypothetical protein
[09:56:46] Modify product: Uncharacterized protein SAV1875 => putative protein
[09:56:46] Modify product: Uncharacterized protein YfhH => putative protein YfhH
[09:56:46] Modify product: Uncharacterized protein YfhP => putative protein YfhP
[09:56:46] Modify product: UPF0374 protein SP_1903 => hypothetical protein
[09:56:46] Modify product: Putative multidrug export ATP-binding/permease protein SAV1866 => Putative multidrug export ATP-binding/permease protein
[09:56:46] Modify product: UPF0754 membrane protein SA1664 => hypothetical protein
[09:56:46] Modify product: UPF0342 protein SA1663 => hypothetical protein
[09:56:46] Modify product: Probable type I restriction enzyme BthVORF4518P M protein => putative type I restriction enzymeP M protein
[09:56:46] Modify product: Sulfurtransferase Alvin_2599 => Sulfurtransferase
[09:56:46] Modify product: Uncharacterized protein HI_0933 => putative protein
[09:56:46] Modify product: Putative dipeptidase SA1572 => Putative dipeptidase
[09:56:46] Modify product: Probable quorum-quenching lactonase YtnP => putative quorum-quenching lactonase YtnP
[09:56:46] Modify product: UPF0354 protein SA1564 => hypothetical protein
[09:56:46] Modify product: UPF0478 protein SA1560 => hypothetical protein
[09:56:46] Modify product: Probable tRNA sulfurtransferase => putative tRNA sulfurtransferase
[09:56:46] Modify product: Probable membrane transporter protein YfcA => putative membrane transporter protein YfcA
[09:56:46] Modify product: Putative universal stress protein SA1532 => Putative universal stress protein
[09:56:46] Modify product: Uncharacterized peptidase SA1530 => putative peptidase
[09:56:46] Modify product: UPF0173 metal-dependent hydrolase SA1529 => hypothetical protein
[09:56:46] Modify product: Probable GTP-binding protein EngB => putative GTP-binding protein EngB
[09:56:46] Modify product: UPF0758 protein YsxA => hypothetical protein
[09:56:46] Modify product: Uncharacterized AAA domain-containing protein Rv2559c => putative AAA domain-containing protein
[09:56:46] Modify product: UPF0337 protein SA1452 => hypothetical protein
[09:56:46] Modify product: Glutathione peroxidase homolog BsaA => Glutathione peroxidase BsaA
[09:56:46] Modify product: Uncharacterized protein YmcA => putative protein YmcA
[09:56:46] Modify product: Probable ribosomal protein YlxQ => putative ribosomal protein YlxQ
[09:56:46] Modify product: Putative zinc metalloprotease SA1105 => Putative zinc metalloprotease
[09:56:46] Modify product: Probable cell wall hydrolase LytN => putative cell wall hydrolase LytN
[09:56:46] Modify product: UPF0122 protein SAV1236 => hypothetical protein
[09:56:46] Modify product: Uncharacterized protein SA1069 => putative protein
[09:56:46] Modify product: Uncharacterized protein Spy1614 => putative protein
[09:56:46] Modify product: Probable dual-specificity RNA methyltransferase RlmN => putative dual-specificity RNA methyltransferase RlmN
[09:56:46] Modify product: Rqc2 homolog RqcH => Rqc2 RqcH
[09:56:46] Modify product: Uncharacterized N-acetyltransferase SA1019 => putative N-acetyltransferase
[09:56:46] Modify product: Probable heme-iron transport system permease protein IsdF => putative heme-iron transport system permease protein IsdF
[09:56:46] Modify product: Probable peptidoglycan glycosyltransferase FtsW => putative peptidoglycan glycosyltransferase FtsW
[09:56:46] Modify product: UPF0358 protein MW0995 => hypothetical protein
[09:56:46] Modify product: UPF0637 protein SA0957 => hypothetical protein
[09:56:46] Modify product: UPF0223 protein BH2638 => hypothetical protein
[09:56:47] Modify product: Bifunctional protein FolD => Bifunctional protein FolD protein
[09:56:47] Modify product: Probable quinol oxidase subunit 2 => putative quinol oxidase subunit 2
[09:56:47] Modify product: Probable quinol oxidase subunit 1 => putative quinol oxidase subunit 1
[09:56:47] Modify product: Acetyltransferase SACOL1063 => Acetyltransferase
[09:56:47] Modify product: Probable N-acetyl-LL-diaminopimelate aminotransferase => putative N-acetyl-LL-diaminopimelate aminotransferase
[09:56:47] Modify product: Uncharacterized ABC transporter ATP-binding protein Rv0986 => putative ABC transporter ATP-binding protein
[09:56:47] Modify product: Serine protease HtrA-like => Serine protease HtrA-like protein
[09:56:47] Modify product: UPF0053 inner membrane protein YgdQ => hypothetical protein
[09:56:47] Modify product: Probable glycolipid permease LtaA => putative glycolipid permease LtaA
[09:56:47] Modify product: Putative phosphoesterase SA0873 => Putative phosphoesterase
[09:56:47] Modify product: Putative transport protein Rv0205 => Putative transport protein
[09:56:47] Modify product: UPF0413 protein SA0860 => hypothetical protein
[09:56:47] Modify product: Uncharacterized oxidoreductase MSMEG_2408/MSMEI_2347 => putative oxidoreductase/MSMEI_2347
[09:56:47] Modify product: UPF0297 protein SA1445 => hypothetical protein
[09:56:47] Modify product: UPF0473 protein SA1443 => hypothetical protein
[09:56:47] Modify product: 23S rRNA 5-hydroxycytidine C2501 synthase => 23S rRNA 5-hydroxycytidine synthase
[09:56:47] Modify product: Uncharacterized protein YqeH => putative protein YqeH
[09:56:47] Modify product: RNA-binding protein HI_1333 => RNA-binding protein
[09:56:47] Modify product: Probable nicotinate-nucleotide adenylyltransferase => putative nicotinate-nucleotide adenylyltransferase
[09:56:47] Modify product: Uncharacterized protein YqeN => putative protein YqeN
[09:56:47] Modify product: UPF0365 protein SA1402 => hypothetical protein
[09:56:47] Modify product: GTP cyclohydrolase 1 type 2 homolog => GTP cyclohydrolase 1 type 2 
[09:56:47] Modify product: Probable endonuclease 4 => putative endonuclease 4
[09:56:47] Modify product: Uncharacterized protein YqgN => putative protein YqgN
[09:56:47] Modify product: Probable metallo-hydrolase M6_Spy0554 => putative metallo-hydrolase
[09:56:47] Modify product: Probable glycine dehydrogenase (decarboxylating) subunit 1 => putative glycine dehydrogenase (decarboxylating) subunit 1
[09:56:47] Modify product: Probable glycine dehydrogenase (decarboxylating) subunit 2 => putative glycine dehydrogenase (decarboxylating) subunit 2
[09:56:47] Modify product: Uncharacterized protein YibN => putative protein YibN
[09:56:47] Modify product: Uncharacterized protein Spy1535 => putative protein
[09:56:47] Modify product: UPF0403 protein SA1345 => hypothetical protein
[09:56:47] Modify product: Uncharacterized oxidoreductase SA2266 => putative oxidoreductase
[09:56:47] Modify product: Probable L-asparaginase => putative L-asparaginase
[09:56:47] Modify product: Uncharacterized protein YpjD => putative protein YpjD
[09:56:47] Modify product: UPF0398 protein YpsA => hypothetical protein
[09:56:47] Modify product: UPF0403 protein SA1261 => hypothetical protein
[09:56:47] Modify product: DegV domain-containing protein SA1258 => DegV domain-containing protein
[09:56:47] Modify product: UPF0346 protein MW1311 => hypothetical protein
[09:56:47] Modify product: Probable CtpA-like serine protease => putative CtpA-like serine protease
[09:56:47] Modify product: TelA-like protein SA1238 => TelA-like protein
[09:56:47] Modify product: Uncharacterized ABC transporter ATP-binding protein YbiT => putative ABC transporter ATP-binding protein YbiT
[09:56:47] Modify product: Probable tautomerase SAR1376 => putative tautomerase
[09:56:47] Modify product: Putative transport protein Rv0205 => Putative transport protein
[09:56:47] Modify product: Uncharacterized protein SA1186 => putative protein
[09:56:47] Modify product: UPF0154 protein SA1178 => hypothetical protein
[09:56:47] Modify product: UPF0291 protein SA1176 => hypothetical protein
[09:56:47] Modify product: Putative phosphatase M6_Spy0533 => Putative phosphatase
[09:56:47] Modify product: Uncharacterized protein SA0829 => putative protein
[09:56:48] Modify product: Uncharacterized oxidoreductase SpyM50865 => putative oxidoreductase
[09:56:48] Modify product: Putative esterase PA1618 => Putative esterase
[09:56:48] Modify product: NADH dehydrogenase-like protein SAOUHSC_00878 => NADH dehydrogenase-like protein
[09:56:48] Modify product: Protein aq_1857 => Protein
[09:56:48] Modify product: UPF0331 protein YutE => hypothetical protein
[09:56:48] Modify product: UPF0053 inner membrane protein YfjD => hypothetical protein
[09:56:48] Modify product: Probable autolysin LytO => putative autolysin LytO
[09:56:48] Modify product: UPF0051 protein SA0778 => hypothetical protein
[09:56:48] Modify product: Probable cysteine desulfurase => putative cysteine desulfurase
[09:56:48] Modify product: UPF0051 protein SA0778 => hypothetical protein
[09:56:48] Modify product: UPF0337 protein SA0772 => hypothetical protein
[09:56:48] Modify product: Uncharacterized protein YwqG => putative protein YwqG
[09:56:48] Modify product: Organic hydroperoxide resistance protein-like => Organic hydroperoxide resistance protein-like protein
[09:56:48] Modify product: UPF0394 inner membrane protein YeeE => hypothetical protein
[09:56:48] Modify product: Uncharacterized ABC transporter ATP-binding protein YheS => putative ABC transporter ATP-binding protein YheS
[09:56:48] Modify product: Uncharacterized protein YedJ => putative protein YedJ
[09:56:48] Modify product: Probable transglycosylase SceD => putative transglycosylase SceD
[09:56:48] Modify product: UPF0340 protein YwlG => hypothetical protein
[09:56:48] Modify product: Probable DNA-directed RNA polymerase subunit delta => putative DNA-directed RNA polymerase subunit delta
[09:56:48] Modify product: Probable mannose-6-phosphate isomerase GmuF => putative mannose-6-phosphate isomerase GmuF
[09:56:48] Modify product: Uncharacterized sugar epimerase YhfK => putative sugar epimerase YhfK
[09:56:48] Modify product: Uncharacterized ABC transporter ATP-binding protein YlmA => putative ABC transporter ATP-binding protein YlmA
[09:56:48] Modify product: UPF0073 inner membrane protein YqfA => hypothetical protein
[09:56:48] Modify product: Probable uridylyltransferase SA1974 => putative uridylyltransferase
[09:56:48] Modify product: UPF0457 protein SA1975.1 => hypothetical protein
[09:56:48] Modify product: Probable siderophore transport system permease protein YfiZ => putative siderophore transport system permease protein YfiZ
[09:56:48] Modify product: Zinc-type alcohol dehydrogenase-like protein SA1988 => Zinc-type alcohol dehydrogenase-like protein
[09:56:48] Cleaned 244 /product names
[09:56:48] Deleting unwanted file: NRS1/NRS1.sprot.tmp.5174.faa
[09:56:48] Deleting unwanted file: NRS1/NRS1.sprot.tmp.5174.blast
[09:56:49] There are still 961 unannotated CDS left (started with 2662)
[09:56:49] Will use hmmer3 to search against /home/brian/miniconda3/envs/pangenome2/db/hmm/HAMAP.hmm with 4 CPUs
[09:56:49] Running: cat NRS1\/NRS1\.HAMAP\.hmm\.tmp\.5174\.faa | parallel --gnu --plain -j 4 --block 28580 --recstart '>' --pipe hmmscan --noali --notextw --acc -E 1e-09 --cpu 1 /home/brian/miniconda3/envs/pangenome2/db/hmm/HAMAP.hmm /dev/stdin > NRS1\/NRS1\.HAMAP\.hmm\.tmp\.5174\.hmmer3 2> /dev/null
[10:02:23] Modify product: Uncharacterized MFS-type transporter YfcJ => putative MFS-type transporter YfcJ
[10:02:23] Modify product: Protein SprT-like => Protein SprT-like protein
[10:02:23] Cleaned 2 /product names
[10:02:23] Deleting unwanted file: NRS1/NRS1.HAMAP.hmm.tmp.5174.faa
[10:02:23] Deleting unwanted file: NRS1/NRS1.HAMAP.hmm.tmp.5174.hmmer3
[10:02:23] Labelling remaining 864 proteins as 'hypothetical protein'
[10:02:23] Possible /pseudo 'putative protein' at CP026069.1 position 278069
[10:02:23] Possible /pseudo 'Putative malate transporter YflS' at CP026069.1 position 517389
[10:02:23] Possible /pseudo 'Tyrosine recombinase XerC' at CP026069.1 position 594903
[10:02:23] Possible /pseudo 'IS3 family transposase ISSau4' at CP026069.1 position 605536
[10:02:23] Possible /pseudo 'IS3 family transposase ISSau4' at CP026069.1 position 605874
[10:02:23] Possible /pseudo 'putative lipoprotein' at CP026069.1 position 639480
[10:02:23] Possible /pseudo 'putative lipoprotein' at CP026069.1 position 640351
[10:02:23] Possible /pseudo 'putative lipoprotein' at CP026069.1 position 641186
[10:02:23] Possible /pseudo 'putative lipoprotein' at CP026069.1 position 642020
[10:02:23] Possible /pseudo 'Phosphate-import permease protein PhnE' at CP026069.1 position 690719
[10:02:23] Possible /pseudo 'Hexose-6-phosphate:phosphate antiporter' at CP026069.1 position 788827
[10:02:23] Possible /pseudo 'Type VII secretion system protein EsaG' at CP026069.1 position 878532
[10:02:23] Possible /pseudo 'Type VII secretion system protein EsaG' at CP026069.1 position 879043
[10:02:23] Possible /pseudo 'Type VII secretion system protein EsaG' at CP026069.1 position 879553
[10:02:23] Possible /pseudo 'Type VII secretion system protein EsaG' at CP026069.1 position 880064
[10:02:23] Possible /pseudo 'Glycerol-3-phosphate transporter' at CP026069.1 position 917612
[10:02:23] Possible /pseudo 'Staphylococcal superantigen-like 7' at CP026069.1 position 1007310
[10:02:23] Possible /pseudo 'Staphylococcal superantigen-like 7' at CP026069.1 position 1008385
[10:02:23] Possible /pseudo 'putative lipoprotein' at CP026069.1 position 1017318
[10:02:23] Possible /pseudo 'putative lipoprotein' at CP026069.1 position 1019812
[10:02:23] Possible /pseudo 'putative lipoprotein' at CP026069.1 position 1020616
[10:02:23] Possible /pseudo 'putative lipoprotein' at CP026069.1 position 1021455
[10:02:23] Possible /pseudo 'putative lipoprotein' at CP026069.1 position 1022301
[10:02:23] Possible /pseudo 'putative lipoprotein' at CP026069.1 position 1023120
[10:02:23] Possible /pseudo 'putative lipoprotein' at CP026069.1 position 1024081
[10:02:23] Possible /pseudo 'UDP-N-acetylglucosamine--peptide N-acetylglucosaminyltransferase GtfA subunit' at CP026069.1 position 1177264
[10:02:23] Possible /pseudo 'Protein map' at CP026069.1 position 1470745
[10:02:23] Possible /pseudo 'IS1182 family transposase ISSau3' at CP026069.1 position 1634108
[10:02:23] Possible /pseudo 'Putative fluoride ion transporter CrcB' at CP026069.1 position 1635270
[10:02:23] Possible /pseudo 'Tyrosine recombinase XerC' at CP026069.1 position 1785532
[10:02:23] Possible /pseudo 'Enterotoxin type A' at CP026069.1 position 1843001
[10:02:23] Possible /pseudo 'putative protein' at CP026069.1 position 2267385
[10:02:23] Possible /pseudo 'Antibacterial protein 3' at CP026069.1 position 2322780
[10:02:23] Possible /pseudo 'Superantigen-like protein 13' at CP026069.1 position 2330985
[10:02:23] Possible /pseudo 'Superantigen-like protein 13' at CP026069.1 position 2331818
[10:02:23] Possible /pseudo 'Signal peptidase IB' at CP026069.1 position 2543919
[10:02:23] Possible /pseudo 'Multidrug efflux pump SdrM' at CP026069.1 position 2844936
[10:02:23] Found 1400 unique /gene codes.
[10:02:23] Fixed 2 duplicate /gene - argR_1 argR_2
[10:02:23] Fixed 2 duplicate /gene - yfiZ_1 yfiZ_2
[10:02:23] Fixed 3 duplicate /gene - femA_1 femA_2 femA_3
[10:02:23] Fixed 2 duplicate /gene - yciC_1 yciC_2
[10:02:23] Fixed 2 duplicate /gene - pepF1_1 pepF1_2
[10:02:23] Fixed 6 duplicate /gene - lpl2_1 lpl2_2 lpl2_3 lpl2_4 lpl2_5 lpl2_6
[10:02:23] Fixed 2 duplicate /gene - nth_1 nth_2
[10:02:23] Fixed 2 duplicate /gene - ywqD_1 ywqD_2
[10:02:23] Fixed 2 duplicate /gene - kdpB_1 kdpB_2
[10:02:23] Fixed 5 duplicate /gene - entA_1 entA_2 entA_3 entA_4 entA_5
[10:02:23] Fixed 4 duplicate /gene - norB_1 norB_2 norB_3 norB_4
[10:02:23] Fixed 2 duplicate /gene - acsA_1 acsA_2
[10:02:23] Fixed 2 duplicate /gene - tagH_1 tagH_2
[10:02:23] Fixed 3 duplicate /gene - brnQ_1 brnQ_2 brnQ_3
[10:02:23] Fixed 2 duplicate /gene - graS_1 graS_2
[10:02:23] Fixed 2 duplicate /gene - gatC_1 gatC_2
[10:02:23] Fixed 2 duplicate /gene - kdpA_1 kdpA_2
[10:02:23] Fixed 2 duplicate /gene - ant1_1 ant1_2
[10:02:23] Fixed 2 duplicate /gene - kdpE_1 kdpE_2
[10:02:23] Fixed 2 duplicate /gene - ysdC_1 ysdC_2
[10:02:23] Fixed 2 duplicate /gene - pepA_1 pepA_2
[10:02:23] Fixed 2 duplicate /gene - slyA_1 slyA_2
[10:02:23] Fixed 2 duplicate /gene - metQ_1 metQ_2
[10:02:23] Fixed 2 duplicate /gene - phnE_1 phnE_2
[10:02:23] Fixed 3 duplicate /gene - bceB_1 bceB_2 bceB_3
[10:02:23] Fixed 2 duplicate /gene - yflS_1 yflS_2
[10:02:23] Fixed 2 duplicate /gene - cpdA_1 cpdA_2
[10:02:23] Fixed 2 duplicate /gene - bcrA_1 bcrA_2
[10:02:23] Fixed 2 duplicate /gene - gloB_1 gloB_2
[10:02:23] Fixed 2 duplicate /gene - secY_1 secY_2
[10:02:23] Fixed 2 duplicate /gene - glcU_1 glcU_2
[10:02:23] Fixed 2 duplicate /gene - clpP_1 clpP_2
[10:02:23] Fixed 3 duplicate /gene - opuD_1 opuD_2 opuD_3
[10:02:23] Fixed 2 duplicate /gene - est_1 est_2
[10:02:23] Fixed 2 duplicate /gene - sdrM_1 sdrM_2
[10:02:23] Fixed 2 duplicate /gene - rpmG2_1 rpmG2_2
[10:02:23] Fixed 3 duplicate /gene - ssbA_1 ssbA_2 ssbA_3
[10:02:23] Fixed 2 duplicate /gene - recF_1 recF_2
[10:02:23] Fixed 2 duplicate /gene - ermA1_1 ermA1_2
[10:02:23] Fixed 2 duplicate /gene - bcr_1 bcr_2
[10:02:23] Fixed 2 duplicate /gene - pxpC_1 pxpC_2
[10:02:23] Fixed 2 duplicate /gene - pnp_1 pnp_2
[10:02:23] Fixed 2 duplicate /gene - secA1_1 secA1_2
[10:02:23] Fixed 2 duplicate /gene - ssl5_1 ssl5_2
[10:02:23] Fixed 2 duplicate /gene - rhaS_1 rhaS_2
[10:02:23] Fixed 2 duplicate /gene - treR_1 treR_2
[10:02:23] Fixed 2 duplicate /gene - catE_1 catE_2
[10:02:23] Fixed 2 duplicate /gene - nupC_1 nupC_2
[10:02:23] Fixed 2 duplicate /gene - tadA_1 tadA_2
[10:02:23] Fixed 2 duplicate /gene - hdfR_1 hdfR_2
[10:02:23] Fixed 2 duplicate /gene - carA_1 carA_2
[10:02:23] Fixed 2 duplicate /gene - pepT_1 pepT_2
[10:02:23] Fixed 2 duplicate /gene - kdpC_1 kdpC_2
[10:02:23] Fixed 3 duplicate /gene - hisC_1 hisC_2 hisC_3
[10:02:23] Fixed 2 duplicate /gene - garK_1 garK_2
[10:02:23] Fixed 2 duplicate /gene - xerD_1 xerD_2
[10:02:23] Fixed 2 duplicate /gene - ykoD_1 ykoD_2
[10:02:23] Fixed 3 duplicate /gene - glpE_1 glpE_2 glpE_3
[10:02:23] Fixed 6 duplicate /gene - essG_1 essG_2 essG_3 essG_4 essG_5 essG_6
[10:02:23] Fixed 3 duplicate /gene - COQ5_1 COQ5_2 COQ5_3
[10:02:23] Fixed 2 duplicate /gene - lnrL_1 lnrL_2
[10:02:23] Fixed 2 duplicate /gene - accB_1 accB_2
[10:02:23] Fixed 2 duplicate /gene - rluD_1 rluD_2
[10:02:23] Fixed 2 duplicate /gene - ktrB_1 ktrB_2
[10:02:23] Fixed 2 duplicate /gene - hrtA_1 hrtA_2
[10:02:23] Fixed 2 duplicate /gene - czcD_1 czcD_2
[10:02:23] Fixed 2 duplicate /gene - lctP_1 lctP_2
[10:02:23] Fixed 2 duplicate /gene - trpG_1 trpG_2
[10:02:23] Fixed 2 duplicate /gene - mnhD1_1 mnhD1_2
[10:02:23] Fixed 2 duplicate /gene - pxpB_1 pxpB_2
[10:02:23] Fixed 3 duplicate /gene - gtfA_1 gtfA_2 gtfA_3
[10:02:23] Fixed 2 duplicate /gene - recQ_1 recQ_2
[10:02:23] Fixed 2 duplicate /gene - graR_1 graR_2
[10:02:23] Fixed 3 duplicate /gene - ybbH_1 ybbH_2 ybbH_3
[10:02:23] Fixed 2 duplicate /gene - cspA_1 cspA_2
[10:02:23] Fixed 2 duplicate /gene - glpQ_1 glpQ_2
[10:02:23] Fixed 2 duplicate /gene - mutS_1 mutS_2
[10:02:23] Fixed 2 duplicate /gene - glpT_1 glpT_2
[10:02:23] Fixed 2 duplicate /gene - rnmV_1 rnmV_2
[10:02:23] Fixed 2 duplicate /gene - crcB_1 crcB_2
[10:02:23] Fixed 2 duplicate /gene - alr1_1 alr1_2
[10:02:23] Fixed 2 duplicate /gene - rocD2_1 rocD2_2
[10:02:23] Fixed 4 duplicate /gene - scmP_1 scmP_2 scmP_3 scmP_4
[10:02:23] Fixed 2 duplicate /gene - menE_1 menE_2
[10:02:23] Fixed 2 duplicate /gene - lysP_1 lysP_2
[10:02:23] Fixed 2 duplicate /gene - pdhC_1 pdhC_2
[10:02:23] Fixed 2 duplicate /gene - ruvB_1 ruvB_2
[10:02:23] Fixed 3 duplicate /gene - ssl7_1 ssl7_2 ssl7_3
[10:02:23] Fixed 2 duplicate /gene - mnaA_1 mnaA_2
[10:02:23] Fixed 3 duplicate /gene - ptsG_1 ptsG_2 ptsG_3
[10:02:23] Fixed 3 duplicate /gene - btuD_1 btuD_2 btuD_3
[10:02:23] Fixed 2 duplicate /gene - mleN_1 mleN_2
[10:02:23] Fixed 2 duplicate /gene - gatA_1 gatA_2
[10:02:23] Fixed 2 duplicate /gene - farB_1 farB_2
[10:02:23] Fixed 9 duplicate /gene - xerC_1 xerC_2 xerC_3 xerC_4 xerC_5 xerC_6 xerC_7 xerC_8 xerC_9
[10:02:23] Fixed 2 duplicate /gene - gpmA_1 gpmA_2
[10:02:23] Fixed 2 duplicate /gene - lipA_1 lipA_2
[10:02:23] Fixed 2 duplicate /gene - yfmC_1 yfmC_2
[10:02:23] Fixed 2 duplicate /gene - mntH_1 mntH_2
[10:02:23] Fixed 2 duplicate /gene - cap8A_1 cap8A_2
[10:02:23] Fixed 3 duplicate /gene - scn_1 scn_2 scn_3
[10:02:23] Fixed 2 duplicate /gene - aldC_1 aldC_2
[10:02:23] Fixed 3 duplicate /gene - atl_1 atl_2 atl_3
[10:02:23] Fixed 2 duplicate /gene - ldhD_1 ldhD_2
[10:02:23] Fixed 2 duplicate /gene - mntB_1 mntB_2
[10:02:23] Fixed 2 duplicate /gene - ywqE_1 ywqE_2
[10:02:23] Fixed 2 duplicate /gene - aroA_1 aroA_2
[10:02:23] Fixed 2 duplicate /gene - leuA_1 leuA_2
[10:02:23] Fixed 2 duplicate /gene - isdG_1 isdG_2
[10:02:23] Fixed 2 duplicate /gene - lexA_1 lexA_2
[10:02:23] Fixed 2 duplicate /gene - tagU_1 tagU_2
[10:02:23] Fixed 2 duplicate /gene - tcyC_1 tcyC_2
[10:02:23] Fixed 2 duplicate /gene - spsB_1 spsB_2
[10:02:23] Fixed 2 duplicate /gene - kdpD_1 kdpD_2
[10:02:23] Fixed 2 duplicate /gene - cycA_1 cycA_2
[10:02:23] Fixed 3 duplicate /gene - dapH_1 dapH_2 dapH_3
[10:02:23] Fixed 2 duplicate /gene - ecfT_1 ecfT_2
[10:02:23] Fixed 3 duplicate /gene - mhqA_1 mhqA_2 mhqA_3
[10:02:23] Fixed 2 duplicate /gene - iscS_1 iscS_2
[10:02:23] Fixed 2 duplicate /gene - oatA_1 oatA_2
[10:02:23] Fixed 2 duplicate /gene - cls_1 cls_2
[10:02:23] Fixed 2 duplicate /gene - nhaK_1 nhaK_2
[10:02:23] Fixed 2 duplicate /gene - uhpT_1 uhpT_2
[10:02:23] Fixed 2 duplicate /gene - metP_1 metP_2
[10:02:23] Fixed 2 duplicate /gene - treP_1 treP_2
[10:02:23] Fixed 2 duplicate /gene - gatD_1 gatD_2
[10:02:23] Fixed 5 duplicate /gene - map_1 map_2 map_3 map_4 map_5
[10:02:23] Fixed 2 duplicate /gene - nagB_1 nagB_2
[10:02:23] Fixed 2 duplicate /gene - lacC_1 lacC_2
[10:02:23] Fixed 2 duplicate /gene - mecA_1 mecA_2
[10:02:23] Fixed 2 duplicate /gene - der_1 der_2
[10:02:23] Fixed 2 duplicate /gene - fhuD_1 fhuD_2
[10:02:23] Fixed 2 duplicate /gene - ghrB_1 ghrB_2
[10:02:23] Fixed 2 duplicate /gene - oppD_1 oppD_2
[10:02:23] Fixed 2 duplicate /gene - bsaA_1 bsaA_2
[10:02:23] Fixed 2 duplicate /gene - gatB_1 gatB_2
[10:02:23] Fixed 2 duplicate /gene - bceA_1 bceA_2
[10:02:23] Fixed 2 duplicate /gene - oppF_1 oppF_2
[10:02:23] Fixed 138 colliding /gene names.
[10:02:23] Adding /locus_tag identifiers
[10:02:23] Assigned 2740 locus_tags to CDS and RNA features.
[10:02:23] Writing outputs to NRS1/
[10:02:25] Generating annotation statistics file
[10:02:25] Generating Genbank and Sequin files
[10:02:25] Running: tbl2asn -V b -a r10k -l paired-ends -M n -N 1 -y 'Annotated using prokka 1.14.6 from https://github.com/tseemann/prokka' -Z NRS1\/NRS1\.err -i NRS1\/NRS1\.fsa 2> /dev/null
[10:02:32] Deleting unwanted file: NRS1/errorsummary.val
[10:02:32] Deleting unwanted file: NRS1/NRS1.dr
[10:02:32] Deleting unwanted file: NRS1/NRS1.fixedproducts
[10:02:32] Deleting unwanted file: NRS1/NRS1.ecn
[10:02:32] Deleting unwanted file: NRS1/NRS1.val
[10:02:32] Repairing broken .GBK output that tbl2asn produces...
[10:02:32] Running: sed 's/COORDINATES: profile/COORDINATES:profile/' < NRS1\/NRS1\.gbf > NRS1\/NRS1\.gbk
[10:02:32] Deleting unwanted file: NRS1/NRS1.gbf
[10:02:32] Output files:
[10:02:32] NRS1/NRS1.err
[10:02:32] NRS1/NRS1.faa
[10:02:32] NRS1/NRS1.ffn
[10:02:32] NRS1/NRS1.fna
[10:02:32] NRS1/NRS1.fsa
[10:02:32] NRS1/NRS1.gbk
[10:02:32] NRS1/NRS1.gff
[10:02:32] NRS1/NRS1.log
[10:02:32] NRS1/NRS1.sqn
[10:02:32] NRS1/NRS1.tbl
[10:02:32] NRS1/NRS1.tsv
[10:02:32] NRS1/NRS1.txt
[10:02:32] Annotation finished successfully.
[10:02:32] Walltime used: 10.05 minutes
[10:02:32] If you use this result please cite the Prokka paper:
[10:02:32] Seemann T (2014) Prokka: rapid prokaryotic genome annotation. Bioinformatics. 30(14):2068-9.
[10:02:32] Type 'prokka --citation' for more details.
[10:02:32] Share and enjoy!
