[09:08:51] This is prokka 1.14.6
[09:08:51] Written by Torsten Seemann <torsten.seemann@gmail.com>
[09:08:51] Homepage is https://github.com/tseemann/prokka
[09:08:51] Local time is Wed Nov  6 09:08:51 2024
[09:08:51] You are brian
[09:08:51] Operating system is linux
[09:08:51] You have BioPerl 1.007002
[09:08:51] System has 4 cores.
[09:08:51] Will use maximum of 4 cores.
[09:08:51] Annotating as >>> Bacteria <<<
[09:08:51] Creating new output folder: V521
[09:08:51] Running: mkdir -p V521
[09:08:51] Using filename prefix: V521.XXX
[09:08:51] Setting HMMER_NCPU=1
[09:08:51] Writing log to: V521/V521.log
[09:08:51] Command: /home/brian/miniconda3/envs/pangenome2/bin/prokka --cpus 4 --kingdom Bacteria --prefix V521 --locustag V521 sequences/V521.fasta
[09:08:51] Appending to PATH: /home/brian/miniconda3/envs/pangenome2/bin
[09:08:51] Looking for 'aragorn' - found /home/brian/miniconda3/envs/pangenome2/bin/aragorn
[09:08:51] Determined aragorn version is 001002 from 'ARAGORN v1.2.41 Dean Laslett'
[09:08:51] Looking for 'barrnap' - found /home/brian/miniconda3/envs/pangenome2/bin/barrnap
[09:08:51] Determined barrnap version is 000009 from 'barrnap 0.9'
[09:08:51] Looking for 'blastp' - found /home/brian/miniconda3/envs/pangenome2/bin/blastp
[09:08:52] Determined blastp version is 002016 from 'blastp: 2.16.0+'
[09:08:52] Looking for 'cmpress' - found /home/brian/miniconda3/envs/pangenome2/bin/cmpress
[09:08:52] Determined cmpress version is 001001 from '# INFERNAL 1.1.4 (Dec 2020)'
[09:08:52] Looking for 'cmscan' - found /home/brian/miniconda3/envs/pangenome2/bin/cmscan
[09:08:52] Determined cmscan version is 001001 from '# INFERNAL 1.1.4 (Dec 2020)'
[09:08:52] Looking for 'egrep' - found /usr/bin/egrep
[09:08:52] Looking for 'find' - found /usr/bin/find
[09:08:52] Looking for 'grep' - found /usr/bin/grep
[09:08:52] Looking for 'hmmpress' - found /home/brian/miniconda3/envs/pangenome2/bin/hmmpress
[09:08:52] Determined hmmpress version is 003004 from '# HMMER 3.4 (Aug 2023); http://hmmer.org/'
[09:08:52] Looking for 'hmmscan' - found /home/brian/miniconda3/envs/pangenome2/bin/hmmscan
[09:08:52] Determined hmmscan version is 003004 from '# HMMER 3.4 (Aug 2023); http://hmmer.org/'
[09:08:52] Looking for 'java' - found /home/brian/miniconda3/envs/pangenome2/bin/java
[09:08:52] Looking for 'makeblastdb' - found /home/brian/miniconda3/envs/pangenome2/bin/makeblastdb
[09:08:52] Determined makeblastdb version is 002016 from 'makeblastdb: 2.16.0+'
[09:08:52] Looking for 'minced' - found /home/brian/miniconda3/envs/pangenome2/bin/minced
[09:08:53] Determined minced version is 004002 from 'minced 0.4.2'
[09:08:53] Looking for 'parallel' - found /home/brian/miniconda3/envs/pangenome2/bin/parallel
[09:08:53] Determined parallel version is 20240922 from 'GNU parallel 20240922'
[09:08:53] Looking for 'prodigal' - found /home/brian/miniconda3/envs/pangenome2/bin/prodigal
[09:08:53] Determined prodigal version is 002006 from 'Prodigal V2.6.3: February, 2016'
[09:08:53] Looking for 'prokka-genbank_to_fasta_db' - found /home/brian/miniconda3/envs/pangenome2/bin/prokka-genbank_to_fasta_db
[09:08:53] Looking for 'sed' - found /usr/bin/sed
[09:08:53] Looking for 'tbl2asn' - found /home/brian/miniconda3/envs/pangenome2/bin/tbl2asn
[09:08:53] Determined tbl2asn version is 025007 from 'tbl2asn 25.7   arguments:'
[09:08:53] Using genetic code table 11.
[09:08:53] Loading and checking input file: sequences/V521.fasta
[09:08:54] Wrote 1 contigs totalling 3085555 bp.
[09:08:54] Predicting tRNAs and tmRNAs
[09:08:54] Running: aragorn -l -gc11  -w V521\/V521\.fna
[09:08:55] 1 tRNA-Glu [24143,24217] 34 (ttc)
[09:08:55] 2 tRNA-Asp [24225,24297] 34 (gtc)
[09:08:55] 3 tRNA-Ser [573732,573824] 37 (tga)
[09:08:55] 4 tRNA-Val [626409,626484] 34 (tac)
[09:08:55] 5 tRNA-Thr [626501,626576] 34 (tgt)
[09:08:55] 6 tRNA-Lys [626582,626656] 35 (ttt)
[09:08:55] 7 tRNA-Gly [626689,626763] 33 (gcc)
[09:08:55] 8 tRNA-Leu [626771,626859] 35 (taa)
[09:08:55] 9 tRNA-Arg [626865,626941] 35 (acg)
[09:08:55] 10 tRNA-Pro [626962,627035] 35 (tgg)
[09:08:55] 11 tRNA-Ala [627059,627134] 34 (tgc)
[09:08:55] 12 tRNA-Ile [628904,628980] 35 (gat)
[09:08:55] 13 tRNA-Arg c[908587,908659] 34 (ccg)
[09:08:55] 14 tmRNA [924732,925090] 94,129 GKSNNNFAVAA*
[09:08:55] 15 tRNA-Ser c[1091778,1091868] 37 (gct)
[09:08:55] 16 tRNA-Asn c[1091870,1091944] 33 (gtt)
[09:08:55] 17 tRNA-Arg c[1242474,1242549] 36 (tct)
[09:08:55] 18 tRNA-Ser c[1983570,1983658] 36 (gga)
[09:08:55] 19 tRNA-Glu c[1983712,1983785] 35 (ttc)
[09:08:55] 20 tRNA-Asn c[1983786,1983860] 33 (gtt)
[09:08:55] 21 tRNA-Gly c[1983875,1983948] 33 (tcc)
[09:08:55] 22 tRNA-His c[1983964,1984039] 34 (gtg)
[09:08:55] 23 tRNA-Phe c[1984053,1984125] 34 (gaa)
[09:08:55] 24 tRNA-Asp c[1984142,1984217] 34 (gtc)
[09:08:55] 25 tRNA-Met c[1984239,1984312] 35 (cat)
[09:08:55] 26 tRNA-Leu c[2018041,2018124] 35 (caa)
[09:08:55] 27 tRNA-Gly c[2018163,2018237] 34 (tcc)
[09:08:55] 28 tRNA-Gly c[2018251,2018325] 34 (tcc)
[09:08:55] 29 tRNA-Gly c[2018341,2018415] 34 (tcc)
[09:08:55] 30 tRNA-Cys c[2018423,2018496] 33 (gca)
[09:08:55] 31 tRNA-Gln c[2018502,2018573] 33 (ttg)
[09:08:55] 32 tRNA-His c[2018584,2018657] 34 (gtg)
[09:08:55] 33 tRNA-Trp c[2018660,2018733] 33 (cca)
[09:08:55] 34 tRNA-Tyr c[2018748,2018830] 36 (gta)
[09:08:55] 35 tRNA-Thr c[2018835,2018910] 34 (tgt)
[09:08:55] 36 tRNA-Phe c[2018917,2018991] 35 (gaa)
[09:08:55] 37 tRNA-Asp c[2019009,2019084] 34 (gtc)
[09:08:55] 38 tRNA-Met c[2019093,2019168] 36 (cat)
[09:08:55] 39 tRNA-Ser c[2019182,2019274] 37 (tga)
[09:08:55] 40 tRNA-Asp c[2019313,2019388] 34 (gtc)
[09:08:55] 41 tRNA-Met c[2019397,2019472] 36 (cat)
[09:08:55] 42 tRNA-Ser c[2019486,2019578] 37 (tga)
[09:08:55] 43 tRNA-Met c[2019588,2019661] 35 (cat)
[09:08:55] 44 tRNA-Met c[2019689,2019763] 35 (cat)
[09:08:55] 45 tRNA-Ala c[2019785,2019860] 34 (tgc)
[09:08:55] 46 tRNA-Pro c[2019878,2019951] 35 (tgg)
[09:08:55] 47 tRNA-Arg c[2019960,2020035] 36 (acg)
[09:08:55] 48 tRNA-Leu c[2020053,2020141] 35 (taa)
[09:08:55] 49 tRNA-Gly c[2020152,2020226] 33 (gcc)
[09:08:55] 50 tRNA-Leu c[2020229,2020312] 36 (tag)
[09:08:55] 51 tRNA-Lys c[2020315,2020390] 34 (ttt)
[09:08:55] 52 tRNA-Thr c[2020396,2020471] 34 (tgt)
[09:08:55] 53 tRNA-Val c[2020488,2020563] 34 (tac)
[09:08:55] 54 tRNA-Ala c[2023898,2023973] 34 (tgc)
[09:08:55] 55 tRNA-Ile c[2023992,2024068] 35 (gat)
[09:08:55] 56 tRNA-Gly c[2376190,2376263] 33 (tcc)
[09:08:55] 57 tRNA-Leu c[2376286,2376368] 34 (gag)
[09:08:55] 58 tRNA-Lys c[2486921,2486994] 34 (ttt)
[09:08:55] 59 tRNA-Gln c[2486998,2487072] 33 (ttg)
[09:08:55] 60 tRNA-Tyr c[2487082,2487165] 35 (gta)
[09:08:55] 61 tRNA-Val c[2487195,2487270] 34 (tac)
[09:08:55] 62 tRNA-Glu c[2487277,2487350] 35 (ttc)
[09:08:55] 63 tRNA-Asn c[2487351,2487425] 33 (gtt)
[09:08:55] 64 tRNA-Gln c[2588630,2588722] 40 (ttg)
[09:08:55] Found 64 tRNAs
[09:08:55] Predicting Ribosomal RNAs
[09:08:55] Running Barrnap with 4 threads
[09:08:58] 1 CP013957.1 582974 16S ribosomal RNA
[09:08:58] 2 CP013957.1 584892 23S ribosomal RNA
[09:08:58] 3 CP013957.1 587887 5S ribosomal RNA (partial)
[09:08:58] 4 CP013957.1 626284 5S ribosomal RNA (partial)
[09:08:58] 5 CP013957.1 627260 16S ribosomal RNA
[09:08:58] 6 CP013957.1 629150 23S ribosomal RNA
[09:08:58] 7 CP013957.1 632145 5S ribosomal RNA (partial)
[09:08:58] 8 CP013957.1 2020610 5S ribosomal RNA (partial)
[09:08:58] 9 CP013957.1 2020764 23S ribosomal RNA
[09:08:58] 10 CP013957.1 2024161 16S ribosomal RNA
[09:08:58] 11 CP013957.1 2370897 5S ribosomal RNA (partial)
[09:08:58] 12 CP013957.1 2371051 23S ribosomal RNA
[09:08:58] 13 CP013957.1 2374521 16S ribosomal RNA
[09:08:58] 14 CP013957.1 2487471 5S ribosomal RNA (partial)
[09:08:58] 15 CP013957.1 2487625 23S ribosomal RNA
[09:08:58] 16 CP013957.1 2491095 16S ribosomal RNA
[09:08:58] Found 16 rRNAs
[09:08:58] Skipping ncRNA search, enable with --rfam if desired.
[09:08:58] Total of 79 tRNA + rRNA features
[09:08:58] Searching for CRISPR repeats
[09:08:58] CRISPR1 CP013957.1 1012236 with 5 spacers
[09:08:58] CRISPR2 CP013957.1 2583998 with 4 spacers
[09:08:58] Found 2 CRISPRs
[09:08:58] Predicting coding sequences
[09:08:58] Contigs total 3085555 bp, so using single mode
[09:08:58] Running: prodigal -i V521\/V521\.fna -c -m -g 11 -p single -f sco -q
[09:09:06] Excluding CDS which overlaps existing RNA (tRNA) at CP013957.1:2588484..2588978 on + strand
[09:09:07] Found 2945 CDS
[09:09:07] Connecting features back to sequences
[09:09:07] Not using genus-specific database. Try --usegenus to enable it.
[09:09:07] Annotating CDS, please be patient.
[09:09:07] Will use 4 CPUs for similarity searching.
[09:09:07] There are still 2945 unannotated CDS left (started with 2945)
[09:09:07] Will use blast to search against /home/brian/miniconda3/envs/pangenome2/db/kingdom/Bacteria/IS with 4 CPUs
[09:09:07] Running: cat V521\/V521\.IS\.tmp\.439\.faa | parallel --gnu --plain -j 4 --block 110101 --recstart '>' --pipe blastp -query - -db /home/brian/miniconda3/envs/pangenome2/db/kingdom/Bacteria/IS -evalue 1e-30 -qcov_hsp_perc 90 -num_threads 1 -num_descriptions 1 -num_alignments 1 -seg no > V521\/V521\.IS\.tmp\.439\.blast 2> /dev/null
[09:09:38] Deleting unwanted file: V521/V521.IS.tmp.439.faa
[09:09:38] Deleting unwanted file: V521/V521.IS.tmp.439.blast
[09:09:39] There are still 2913 unannotated CDS left (started with 2945)
[09:09:39] Will use blast to search against /home/brian/miniconda3/envs/pangenome2/db/kingdom/Bacteria/AMR with 4 CPUs
[09:09:39] Running: cat V521\/V521\.AMR\.tmp\.439\.faa | parallel --gnu --plain -j 4 --block 109016 --recstart '>' --pipe blastp -query - -db /home/brian/miniconda3/envs/pangenome2/db/kingdom/Bacteria/AMR -evalue 9.99999999999999e-301 -qcov_hsp_perc 90 -num_threads 1 -num_descriptions 1 -num_alignments 1 -seg no > V521\/V521\.AMR\.tmp\.439\.blast 2> /dev/null
[09:10:05] Deleting unwanted file: V521/V521.AMR.tmp.439.faa
[09:10:05] Deleting unwanted file: V521/V521.AMR.tmp.439.blast
[09:10:06] There are still 2907 unannotated CDS left (started with 2945)
[09:10:06] Will use blast to search against /home/brian/miniconda3/envs/pangenome2/db/kingdom/Bacteria/sprot with 4 CPUs
[09:10:06] Running: cat V521\/V521\.sprot\.tmp\.439\.faa | parallel --gnu --plain -j 4 --block 108587 --recstart '>' --pipe blastp -query - -db /home/brian/miniconda3/envs/pangenome2/db/kingdom/Bacteria/sprot -evalue 1e-09 -qcov_hsp_perc 80 -num_threads 1 -num_descriptions 1 -num_alignments 1 -seg no > V521\/V521\.sprot\.tmp\.439\.blast 2> /dev/null
[09:12:11] Modify product: Probable tRNA-dihydrouridine synthase => putative tRNA-dihydrouridine synthase
[09:12:11] Modify product: Uncharacterized lipoprotein SAOUHSC_00053 => putative lipoprotein
[09:12:11] Modify product: Probable siderophore transport system permease protein YfhA => putative siderophore transport system permease protein YfhA
[09:12:11] Modify product: Probable siderophore transport system permease protein YfiZ => putative siderophore transport system permease protein YfiZ
[09:12:11] Modify product: Probable siderophore-binding lipoprotein YfiY => putative siderophore-binding lipoprotein YfiY
[09:12:11] Modify product: Probable ABC transporter phosphonate/phosphite binding protein PhnD2 => putative ABC transporter phosphonate/phosphite binding protein PhnD2
[09:12:11] Modify product: Uncharacterized sugar transferase EpsL => putative sugar transferase EpsL
[09:12:11] Modify product: PTS system EIIBC component SA0186 => PTS system EIIBC component
[09:12:11] Modify product: Uncharacterized HTH-type transcriptional regulator YbbH => putative HTH-type transcriptional regulator YbbH
[09:12:11] Modify product: Uncharacterized response regulatory protein SACOL0201 => putative response regulatory protein
[09:12:11] Modify product: Uncharacterized sensor-like histidine kinase SACOL0202 => putative sensor-like histidine kinase
[09:12:11] Modify product: Uncharacterized protein HI_0131 => putative protein
[09:12:11] Modify product: Probable 3-hydroxyacyl-CoA dehydrogenase => putative 3-hydroxyacyl-CoA dehydrogenase
[09:12:11] Modify product: Uncharacterized HTH-type transcriptional regulator YydK => putative HTH-type transcriptional regulator YydK
[09:12:11] Modify product: Probable glucose uptake protein GlcU => putative glucose uptake protein GlcU
[09:12:11] Modify product: Uncharacterized protein YxeI => putative protein YxeI
[09:12:11] Modify product: Probable formate transporter 1 => putative formate transporter 1
[09:12:11] Modify product: Uncharacterized ABC transporter permease Rv0072 => putative ABC transporter permease
[09:12:11] Modify product: Uncharacterized HTH-type transcriptional regulator YbbH => putative HTH-type transcriptional regulator YbbH
[09:12:11] Modify product: UPF0223 protein BH2638 => hypothetical protein
[09:12:11] Modify product: UPF0637 protein SA0957 => hypothetical protein
[09:12:11] Modify product: UPF0358 protein MW0995 => hypothetical protein
[09:12:11] Modify product: Probable peptidoglycan glycosyltransferase FtsW => putative peptidoglycan glycosyltransferase FtsW
[09:12:11] Modify product: Probable heme-iron transport system permease protein IsdF => putative heme-iron transport system permease protein IsdF
[09:12:11] Modify product: Uncharacterized N-acetyltransferase SA1019 => putative N-acetyltransferase
[09:12:11] Modify product: Rqc2 homolog RqcH => Rqc2 RqcH
[09:12:11] Modify product: Probable dual-specificity RNA methyltransferase RlmN => putative dual-specificity RNA methyltransferase RlmN
[09:12:11] Modify product: Uncharacterized protein Spy1614 => putative protein
[09:12:11] Modify product: Uncharacterized protein SA1069 => putative protein
[09:12:11] Modify product: UPF0122 protein SAV1236 => hypothetical protein
[09:12:11] Modify product: Probable cell wall hydrolase LytN => putative cell wall hydrolase LytN
[09:12:11] Modify product: Putative zinc metalloprotease SA1105 => Putative zinc metalloprotease
[09:12:11] Modify product: Probable ribosomal protein YlxQ => putative ribosomal protein YlxQ
[09:12:11] Modify product: Uncharacterized protein YmcA => putative protein YmcA
[09:12:11] Modify product: Glutathione peroxidase homolog BsaA => Glutathione peroxidase BsaA
[09:12:11] Modify product: Putative phosphatase M6_Spy0533 => Putative phosphatase
[09:12:11] Modify product: UPF0291 protein SA1176 => hypothetical protein
[09:12:11] Modify product: UPF0154 protein SA1178 => hypothetical protein
[09:12:11] Modify product: Uncharacterized protein SA1186 => putative protein
[09:12:11] Modify product: Putative transport protein Rv0205 => Putative transport protein
[09:12:11] Modify product: Probable tautomerase SAR1376 => putative tautomerase
[09:12:12] Modify product: Uncharacterized ABC transporter ATP-binding protein YbiT => putative ABC transporter ATP-binding protein YbiT
[09:12:12] Modify product: TelA-like protein SA1238 => TelA-like protein
[09:12:12] Modify product: Probable CtpA-like serine protease => putative CtpA-like serine protease
[09:12:12] Modify product: UPF0346 protein MW1311 => hypothetical protein
[09:12:12] Modify product: DegV domain-containing protein MW1315 => DegV domain-containing protein
[09:12:12] Modify product: UPF0403 protein SA1261 => hypothetical protein
[09:12:12] Modify product: Probable autolysin LytO => putative autolysin LytO
[09:12:12] Modify product: Uncharacterized oxidoreductase SpyM50865 => putative oxidoreductase
[09:12:12] Modify product: NAD(P)H-dependent FAD/FMN reductase GTNG_3158 => NAD(P)H-dependent FAD/FMN reductase
[09:12:12] Modify product: UPF0324 inner membrane protein YeiH => hypothetical protein
[09:12:12] Modify product: Probable iron uptake system component EfeM => putative iron uptake system component EfeM
[09:12:12] Modify product: Probable deferrochelatase/peroxidase EfeN => putative deferrochelatase/peroxidase EfeN
[09:12:12] Modify product: Probable acetyl-CoA acyltransferase => putative acetyl-CoA acyltransferase
[09:12:12] Modify product: Uncharacterized protein SA0370 => putative protein
[09:12:12] Modify product: UPF0355 protein SA0372 => hypothetical protein
[09:12:12] Modify product: Uncharacterized lipoprotein SA0397 => putative lipoprotein
[09:12:12] Modify product: Uncharacterized lipoprotein SA0397 => putative lipoprotein
[09:12:12] Modify product: Uncharacterized protein SAOUHSC_02783 => putative protein
[09:12:12] Modify product: Uncharacterized lipoprotein SA0397 => putative lipoprotein
[09:12:12] Modify product: Probable D-methionine-binding lipoprotein MetQ => putative D-methionine-binding lipoprotein MetQ
[09:12:12] Modify product: Nucleoid-associated protein SA0437 => Nucleoid-associated protein
[09:12:12] Modify product: UPF0213 protein BH0048 => hypothetical protein
[09:12:12] Modify product: Uncharacterized PIN and TRAM-domain containing protein YacL => putative PIN and TRAM-domain containing protein YacL
[09:12:12] Modify product: Uncharacterized protein YacP => putative protein YacP
[09:12:12] Modify product: Ribosome-associated protein L7Ae-like => Ribosome-associated protein L7Ae-like protein
[09:12:12] Modify product: Uncharacterized epimerase/dehydratase SA0511 => putative epimerase/dehydratase
[09:12:12] Modify product: Probable branched-chain-amino-acid aminotransferase => putative branched-chain-amino-acid aminotransferase
[09:12:12] Modify product: Probable N-acetyl-alpha-D-glucosaminyl L-malate deacetylase 2 => putative N-acetyl-alpha-D-glucosaminyl L-malate deacetylase 2
[09:12:12] Modify product: Uncharacterized protein YojF => putative protein YojF
[09:12:12] Modify product: UPF0382 membrane protein YwdK => hypothetical protein
[09:12:12] Modify product: Putative heme-dependent peroxidase SA0544 => Putative heme-dependent peroxidase
[09:12:12] Modify product: Probable pyridine nucleotide-disulfide oxidoreductase RclA => putative pyridine nucleotide-disulfide oxidoreductase RclA
[09:12:12] Modify product: Uncharacterized beta-barrel protein YwiB => putative beta-barrel protein YwiB
[09:12:12] Modify product: Probable ABC transporter permease protein HI_1471 => putative ABC transporter permease protein
[09:12:12] Modify product: Probable autolysin SsaALP => putative autolysin SsaALP
[09:12:12] Modify product: Probable transcriptional regulatory protein SA0624 => putative transcriptional regulatory protein
[09:12:12] Modify product: Acetyltransferase PA3944 => Acetyltransferase
[09:12:12] Modify product: Putative multidrug export ATP-binding/permease protein SAV1866 => Putative multidrug export ATP-binding/permease protein
[09:12:12] Modify product: Uncharacterized HTH-type transcriptional regulator YdjF => putative HTH-type transcriptional regulator YdjF
[09:12:12] Modify product: UPF0053 protein Rv1842c => hypothetical protein
[09:12:12] Modify product: Uncharacterized oxidoreductase MSMEG_2408/MSMEI_2347 => putative oxidoreductase/MSMEI_2347
[09:12:12] Modify product: Putative lipid kinase SA0681 => Putative lipid kinase
[09:12:12] Modify product: Probable undecaprenyl-phosphate N-acetylglucosaminyl 1-phosphate transferase => putative undecaprenyl-phosphate N-acetylglucosaminyl 1-phosphate transferase
[09:12:12] Modify product: Probable autolysin LDP => putative autolysin LDP
[09:12:12] Modify product: Nucleotide-binding protein SA0720 => Nucleotide-binding protein
[09:12:12] Modify product: Probable cell division protein WhiA => putative cell division protein WhiA
[09:12:12] Modify product: Epimerase family protein SA0724 => Epimerase family protein
[09:12:13] Modify product: Probable protein-export membrane protein SecG => putative protein-export membrane protein SecG
[09:12:13] Modify product: Organic hydroperoxide resistance protein-like => Organic hydroperoxide resistance protein-like protein
[09:12:13] Modify product: Uncharacterized protein YwqG => putative protein YwqG
[09:12:13] Modify product: UPF0337 protein SA0772 => hypothetical protein
[09:12:13] Modify product: UPF0051 protein SA0778 => hypothetical protein
[09:12:13] Modify product: Probable cysteine desulfurase => putative cysteine desulfurase
[09:12:13] Modify product: UPF0051 protein SA0778 => hypothetical protein
[09:12:13] Modify product: UPF0051 protein SA0778 => hypothetical protein
[09:12:13] Modify product: UPF0053 inner membrane protein YfjD => hypothetical protein
[09:12:13] Modify product: UPF0331 protein YutE => hypothetical protein
[09:12:13] Modify product: Protein aq_1857 => Protein
[09:12:13] Modify product: NADH dehydrogenase-like protein SAOUHSC_00878 => NADH dehydrogenase-like protein
[09:12:13] Modify product: Putative esterase PA1618 => Putative esterase
[09:12:13] Modify product: Uncharacterized oxidoreductase SpyM50865 => putative oxidoreductase
[09:12:13] Modify product: Uncharacterized protein SA0829 => putative protein
[09:12:13] Modify product: UPF0413 protein SA0860 => hypothetical protein
[09:12:13] Modify product: Putative transport protein Rv0205 => Putative transport protein
[09:12:13] Modify product: Putative phosphoesterase SA0873 => Putative phosphoesterase
[09:12:13] Modify product: Probable glycolipid permease LtaA => putative glycolipid permease LtaA
[09:12:13] Modify product: UPF0053 inner membrane protein YgdQ => hypothetical protein
[09:12:13] Modify product: Serine protease HtrA-like => Serine protease HtrA-like protein
[09:12:13] Modify product: Uncharacterized ABC transporter ATP-binding protein Rv0986 => putative ABC transporter ATP-binding protein
[09:12:13] Modify product: Probable N-acetyl-LL-diaminopimelate aminotransferase => putative N-acetyl-LL-diaminopimelate aminotransferase
[09:12:13] Modify product: Acetyltransferase SACOL1063 => Acetyltransferase
[09:12:13] Modify product: Probable quinol oxidase subunit 1 => putative quinol oxidase subunit 1
[09:12:13] Modify product: Probable quinol oxidase subunit 2 => putative quinol oxidase subunit 2
[09:12:13] Modify product: Bifunctional protein FolD => Bifunctional protein FolD protein
[09:12:13] Modify product: Uncharacterized protein HI_0933 => putative protein
[09:12:13] Modify product: Sulfurtransferase Alvin_2599 => Sulfurtransferase
[09:12:13] Modify product: UPF0342 protein SA1663 => hypothetical protein
[09:12:13] Modify product: UPF0754 membrane protein SA1664 => hypothetical protein
[09:12:13] Modify product: Putative multidrug export ATP-binding/permease protein SAV1866 => Putative multidrug export ATP-binding/permease protein
[09:12:13] Modify product: UPF0374 protein SP_1903 => hypothetical protein
[09:12:13] Modify product: Uncharacterized protein YfhP => putative protein YfhP
[09:12:13] Modify product: Uncharacterized protein YfhH => putative protein YfhH
[09:12:13] Modify product: Uncharacterized protein SAV1875 => putative protein
[09:12:13] Modify product: Probable autolysin LytO => putative autolysin LytO
[09:12:13] Modify product: UPF0435 protein SA1696 => hypothetical protein
[09:12:13] Modify product: Putative bifunctional exonuclease/endonuclease protein Rv2191 => Putative bifunctional exonuclease/endonuclease protein
[09:12:13] Modify product: UPF0316 protein SA1727 => hypothetical protein
[09:12:13] Modify product: Probable manganese-dependent inorganic pyrophosphatase => putative manganese-dependent inorganic pyrophosphatase
[09:12:13] Modify product: Uncharacterized protein SA1737 => putative protein
[09:12:13] Modify product: Probable autolysin PH => putative autolysin PH
[09:12:13] Modify product: Uncharacterized leukocidin-like protein 1 => putative leukocidin-like protein 1
[09:12:13] Modify product: Uncharacterized leukocidin-like protein 2 => putative leukocidin-like protein 2
[09:12:13] Modify product: Probable succinyl-diaminopimelate desuccinylase => putative succinyl-diaminopimelate desuccinylase
[09:12:13] Modify product: UPF0394 inner membrane protein YeeE => hypothetical protein
[09:12:14] Modify product: UPF0398 protein YpsA => hypothetical protein
[09:12:14] Modify product: Uncharacterized protein YpjD => putative protein YpjD
[09:12:14] Modify product: Probable L-asparaginase => putative L-asparaginase
[09:12:14] Modify product: Uncharacterized oxidoreductase SA2266 => putative oxidoreductase
[09:12:14] Modify product: UPF0403 protein SA1345 => hypothetical protein
[09:12:14] Modify product: Uncharacterized protein Spy1535 => putative protein
[09:12:14] Modify product: Uncharacterized protein YibN => putative protein YibN
[09:12:14] Modify product: Probable glycine dehydrogenase (decarboxylating) subunit 2 => putative glycine dehydrogenase (decarboxylating) subunit 2
[09:12:14] Modify product: Probable glycine dehydrogenase (decarboxylating) subunit 1 => putative glycine dehydrogenase (decarboxylating) subunit 1
[09:12:14] Modify product: Probable metallo-hydrolase M6_Spy0554 => putative metallo-hydrolase
[09:12:14] Modify product: Uncharacterized protein YqgN => putative protein YqgN
[09:12:14] Modify product: Probable endonuclease 4 => putative endonuclease 4
[09:12:14] Modify product: GTP cyclohydrolase 1 type 2 homolog => GTP cyclohydrolase 1 type 2 
[09:12:14] Modify product: UPF0365 protein SA1402 => hypothetical protein
[09:12:14] Modify product: Uncharacterized protein YqeN => putative protein YqeN
[09:12:14] Modify product: Probable nicotinate-nucleotide adenylyltransferase => putative nicotinate-nucleotide adenylyltransferase
[09:12:14] Modify product: Uncharacterized protein YqeH => putative protein YqeH
[09:12:14] Modify product: 23S rRNA 5-hydroxycytidine C2501 synthase => 23S rRNA 5-hydroxycytidine synthase
[09:12:14] Modify product: UPF0473 protein SA1443 => hypothetical protein
[09:12:14] Modify product: UPF0297 protein SA1445 => hypothetical protein
[09:12:14] Modify product: UPF0337 protein SA1452 => hypothetical protein
[09:12:14] Modify product: Uncharacterized AAA domain-containing protein Rv2559c => putative AAA domain-containing protein
[09:12:14] Modify product: UPF0758 protein YsxA => hypothetical protein
[09:12:14] Modify product: Probable GTP-binding protein EngB => putative GTP-binding protein EngB
[09:12:14] Modify product: UPF0173 metal-dependent hydrolase SA1529 => hypothetical protein
[09:12:14] Modify product: Uncharacterized peptidase SA1530 => putative peptidase
[09:12:14] Modify product: Putative universal stress protein SA1532 => Putative universal stress protein
[09:12:14] Modify product: Probable membrane transporter protein YfcA => putative membrane transporter protein YfcA
[09:12:14] Modify product: Probable tRNA sulfurtransferase => putative tRNA sulfurtransferase
[09:12:14] Modify product: UPF0478 protein SA1560 => hypothetical protein
[09:12:14] Modify product: UPF0354 protein SA1564 => hypothetical protein
[09:12:14] Modify product: Probable quorum-quenching lactonase YtnP => putative quorum-quenching lactonase YtnP
[09:12:14] Modify product: Putative dipeptidase SA1572 => Putative dipeptidase
[09:12:14] Modify product: UPF0394 inner membrane protein YeeE => hypothetical protein
[09:12:14] Modify product: Uncharacterized ABC transporter ATP-binding protein YheS => putative ABC transporter ATP-binding protein YheS
[09:12:14] Modify product: Uncharacterized protein YedJ => putative protein YedJ
[09:12:14] Modify product: Probable transglycosylase SceD => putative transglycosylase SceD
[09:12:14] Modify product: UPF0340 protein YwlG => hypothetical protein
[09:12:14] Modify product: Probable DNA-directed RNA polymerase subunit delta => putative DNA-directed RNA polymerase subunit delta
[09:12:14] Modify product: Probable mannose-6-phosphate isomerase GmuF => putative mannose-6-phosphate isomerase GmuF
[09:12:14] Modify product: Uncharacterized sugar epimerase YhfK => putative sugar epimerase YhfK
[09:12:14] Modify product: Uncharacterized ABC transporter ATP-binding protein YlmA => putative ABC transporter ATP-binding protein YlmA
[09:12:14] Modify product: UPF0073 inner membrane protein YqfA => hypothetical protein
[09:12:14] Modify product: Probable uridylyltransferase SA1974 => putative uridylyltransferase
[09:12:14] Modify product: UPF0457 protein SA1975.1 => hypothetical protein
[09:12:14] Modify product: Probable siderophore transport system permease protein YfiZ => putative siderophore transport system permease protein YfiZ
[09:12:14] Modify product: Zinc-type alcohol dehydrogenase-like protein SA1988 => Zinc-type alcohol dehydrogenase-like protein
[09:12:14] Modify product: Uncharacterized oxidoreductase MSMEG_2408/MSMEI_2347 => putative oxidoreductase/MSMEI_2347
[09:12:14] Modify product: Uncharacterized hydrolase SA2005 => putative hydrolase
[09:12:14] Modify product: Probable glucose uptake protein GlcU => putative glucose uptake protein GlcU
[09:12:14] Modify product: Uncharacterized HTH-type transcriptional regulator SAR2349 => putative HTH-type transcriptional regulator
[09:12:14] Modify product: Probable molybdenum cofactor guanylyltransferase => putative molybdenum cofactor guanylyltransferase
[09:12:14] Modify product: Urea transporter DVU1160 => Urea transporter
[09:12:14] Modify product: Putative 2-hydroxyacid dehydrogenase SA2098 => Putative 2-hydroxyacid dehydrogenase
[09:12:14] Modify product: Putative formate dehydrogenase SA2102 => Putative formate dehydrogenase
[09:12:14] Modify product: Uncharacterized HTH-type transcriptional regulator YbbH => putative HTH-type transcriptional regulator YbbH
[09:12:14] Modify product: Probable transport protein YifK => putative transport protein YifK
[09:12:14] Modify product: Phosphorylated carbohydrates phosphatase TM_1254 => Phosphorylated carbohydrates phosphatase
[09:12:14] Modify product: Uncharacterized oxidoreductase YghA => putative oxidoreductase YghA
[09:12:15] Modify product: UPF0060 membrane protein YnfA => hypothetical protein
[09:12:15] Modify product: Uncharacterized protein YhaP => putative protein YhaP
[09:12:15] Modify product: Uncharacterized HTH-type transcriptional regulator SACOL2360 => putative HTH-type transcriptional regulator
[09:12:15] Modify product: Probable malate:quinone oxidoreductase 1 => putative malate:quinone oxidoreductase 1
[09:12:15] Modify product: Uncharacterized lipoprotein SA2158 => putative lipoprotein
[09:12:15] Modify product: Probable nitrate transporter NarT => putative nitrate transporter NarT
[09:12:15] Modify product: Uncharacterized N-acetyltransferase YtmI => putative N-acetyltransferase YtmI
[09:12:15] Modify product: Probable amino-acid ABC transporter-binding protein HI_1080 => putative amino-acid ABC transporter-binding protein
[09:12:15] Modify product: Uncharacterized ABC transporter ATP-binding protein TM_0288 => putative ABC transporter ATP-binding protein
[09:12:15] Modify product: Probable iron export permease protein FetB => putative iron export permease protein FetB
[09:12:15] Modify product: Probable iron export ATP-binding protein FetA => putative iron export ATP-binding protein FetA
[09:12:15] Modify product: Uncharacterized lipoprotein YehR => putative lipoprotein YehR
[09:12:15] Modify product: Uncharacterized oxidoreductase SA2266 => putative oxidoreductase
[09:12:15] Modify product: Uncharacterized protein SAOUHSC_02783 => putative protein
[09:12:15] Modify product: Uncharacterized protein SA2269 => putative protein
[09:12:15] Modify product: Probable sulfoacetate transporter SauU => putative sulfoacetate transporter SauU
[09:12:15] Modify product: Uncharacterized protein YjdJ => putative protein YjdJ
[09:12:15] Modify product: Putative NAD(P)H nitroreductase SA2311 => Putative NAD(P)H nitroreductase
[09:12:15] Modify product: Probable peptide export ATP-binding protein YydI => putative peptide export ATP-binding protein YydI
[09:12:15] Modify product: Probable peptide export permease protein YydJ => putative peptide export permease protein YydJ
[09:12:15] Modify product: Uncharacterized inner membrane transporter YicL => putative inner membrane transporter YicL
[09:12:15] Modify product: Putative acetyltransferase SA2342 => Putative acetyltransferase
[09:12:15] Modify product: Probable transglycosylase IsaA => putative transglycosylase IsaA
[09:12:15] Modify product: UPF0291 protein YnzC => hypothetical protein
[09:12:15] Modify product: Uncharacterized hydrolase SA2367 => putative hydrolase
[09:12:15] Modify product: Uncharacterized hydrolase SA2367 => putative hydrolase
[09:12:15] Modify product: Probable ketoamine kinase SAOUHSC_02908 => putative ketoamine kinase
[09:12:15] Modify product: Uncharacterized amino acid permease YhdG => putative amino acid permease YhdG
[09:12:15] Modify product: Probable malate:quinone oxidoreductase 2 => putative malate:quinone oxidoreductase 2
[09:12:15] Modify product: Glutathione peroxidase homolog BsaA => Glutathione peroxidase BsaA
[09:12:15] Modify product: Uncharacterized protein SA2420.1 => putative protein.1
[09:12:15] Modify product: N-acetylmuramoyl-L-alanine amidase domain-containing protein SAOUHSC_02979 => N-acetylmuramoyl-L-alanine amidase domain-containing protein
[09:12:15] Modify product: Probable poly-beta-1,6-N-acetyl-D-glucosamine export protein => putative poly-beta-1,6-N-acetyl-D-glucosamine export protein
[09:12:15] Modify product: UPF0397 protein SP_0482 => hypothetical protein
[09:12:15] Modify product: UPF0312 protein SA2479 => hypothetical protein
[09:12:15] Modify product: UPF0176 protein SP_0095 => hypothetical protein
[09:12:15] Modify product: UPF0176 protein SP_0095 => hypothetical protein
[09:12:15] Cleaned 231 /product names
[09:12:15] Deleting unwanted file: V521/V521.sprot.tmp.439.faa
[09:12:15] Deleting unwanted file: V521/V521.sprot.tmp.439.blast
[09:12:15] There are still 1224 unannotated CDS left (started with 2945)
[09:12:15] Will use hmmer3 to search against /home/brian/miniconda3/envs/pangenome2/db/hmm/HAMAP.hmm with 4 CPUs
[09:12:15] Running: cat V521\/V521\.HAMAP\.hmm\.tmp\.439\.faa | parallel --gnu --plain -j 4 --block 36257 --recstart '>' --pipe hmmscan --noali --notextw --acc -E 1e-09 --cpu 1 /home/brian/miniconda3/envs/pangenome2/db/hmm/HAMAP.hmm /dev/stdin > V521\/V521\.HAMAP\.hmm\.tmp\.439\.hmmer3 2> /dev/null
[09:18:58] Modify product: Protein SprT-like => Protein SprT-like protein
[09:18:58] Modify product: Uncharacterized MFS-type transporter YfcJ => putative MFS-type transporter YfcJ
[09:18:59] Cleaned 2 /product names
[09:18:59] Deleting unwanted file: V521/V521.HAMAP.hmm.tmp.439.faa
[09:18:59] Deleting unwanted file: V521/V521.HAMAP.hmm.tmp.439.hmmer3
[09:18:59] Labelling remaining 1116 proteins as 'hypothetical protein'
[09:18:59] Possible /pseudo 'Tyrosine recombinase XerC' at CP013957.1 position 46203
[09:18:59] Possible /pseudo 'Phosphate-import permease protein PhnE' at CP013957.1 position 164745
[09:18:59] Possible /pseudo 'Type VII secretion system accessory factor EsaA' at CP013957.1 position 334323
[09:18:59] Possible /pseudo 'Type VII secretion system protein EsaG' at CP013957.1 position 348052
[09:18:59] Possible /pseudo 'Type VII secretion system protein EsaG' at CP013957.1 position 348563
[09:18:59] Possible /pseudo 'Type VII secretion system protein EsaG' at CP013957.1 position 352025
[09:18:59] Possible /pseudo 'Type VII secretion system protein EsaG' at CP013957.1 position 352536
[09:18:59] Possible /pseudo 'Lipase 2' at CP013957.1 position 374157
[09:18:59] Possible /pseudo 'Staphylococcal superantigen-like 7' at CP013957.1 position 529558
[09:18:59] Possible /pseudo 'Staphylococcal superantigen-like 7' at CP013957.1 position 530636
[09:18:59] Possible /pseudo 'putative lipoprotein' at CP013957.1 position 539584
[09:18:59] Possible /pseudo 'UDP-N-acetylglucosamine--peptide N-acetylglucosaminyltransferase GtfA subunit' at CP013957.1 position 694667
[09:18:59] Possible /pseudo 'Pyridoxine kinase' at CP013957.1 position 708497
[09:18:59] Possible /pseudo 'Signal peptidase IB' at CP013957.1 position 1019460
[09:18:59] Possible /pseudo 'Superantigen-like protein 13' at CP013957.1 position 1234109
[09:18:59] Possible /pseudo 'Superantigen-like protein 13' at CP013957.1 position 1234929
[09:18:59] Possible /pseudo 'Antibacterial protein 3' at CP013957.1 position 1243103
[09:18:59] Possible /pseudo 'putative protein' at CP013957.1 position 1298454
[09:18:59] Possible /pseudo 'DNA topoisomerase 1' at CP013957.1 position 1328174
[09:18:59] Possible /pseudo 'DNA mismatch repair protein MutS' at CP013957.1 position 1382450
[09:18:59] Possible /pseudo 'Biotin carboxylase' at CP013957.1 position 1730935
[09:18:59] Possible /pseudo 'Tyrosine recombinase XerC' at CP013957.1 position 1782458
[09:18:59] Possible /pseudo 'IS1182 family transposase ISSau3' at CP013957.1 position 1827296
[09:18:59] Possible /pseudo 'DNA polymerase III subunit alpha' at CP013957.1 position 1836407
[09:18:59] Possible /pseudo 'Putative fluoride ion transporter CrcB' at CP013957.1 position 1933564
[09:18:59] Possible /pseudo 'IS1182 family transposase ISSau3' at CP013957.1 position 1935330
[09:18:59] Possible /pseudo 'Dihydroxy-acid dehydratase' at CP013957.1 position 2361325
[09:18:59] Possible /pseudo 'IS1182 family transposase ISSau3' at CP013957.1 position 2514004
[09:18:59] Possible /pseudo 'D-serine/D-alanine/glycine transporter' at CP013957.1 position 2758071
[09:18:59] Possible /pseudo 'putative protein' at CP013957.1 position 2804937
[09:18:59] Possible /pseudo 'Surface protein G' at CP013957.1 position 2817067
[09:18:59] Possible /pseudo 'putative hydrolase' at CP013957.1 position 2911882
[09:18:59] Found 1409 unique /gene codes.
[09:18:59] Fixed 2 duplicate /gene - oppF_1 oppF_2
[09:18:59] Fixed 4 duplicate /gene - norB_1 norB_2 norB_3 norB_4
[09:18:59] Fixed 2 duplicate /gene - mntB_1 mntB_2
[09:18:59] Fixed 3 duplicate /gene - mhqA_1 mhqA_2 mhqA_3
[09:18:59] Fixed 2 duplicate /gene - gatD_1 gatD_2
[09:18:59] Fixed 2 duplicate /gene - topA_1 topA_2
[09:18:59] Fixed 2 duplicate /gene - yfmC_1 yfmC_2
[09:18:59] Fixed 2 duplicate /gene - phnE_1 phnE_2
[09:18:59] Fixed 2 duplicate /gene - trpG_1 trpG_2
[09:18:59] Fixed 2 duplicate /gene - pdxK_1 pdxK_2
[09:18:59] Fixed 2 duplicate /gene - carA_1 carA_2
[09:18:59] Fixed 2 duplicate /gene - aldC_1 aldC_2
[09:18:59] Fixed 2 duplicate /gene - tagU_1 tagU_2
[09:18:59] Fixed 2 duplicate /gene - sasG_1 sasG_2
[09:18:59] Fixed 2 duplicate /gene - lysP_1 lysP_2
[09:18:59] Fixed 2 duplicate /gene - tadA_1 tadA_2
[09:18:59] Fixed 2 duplicate /gene - accC_1 accC_2
[09:18:59] Fixed 2 duplicate /gene - hsdM_1 hsdM_2
[09:18:59] Fixed 4 duplicate /gene - btuD_1 btuD_2 btuD_3 btuD_4
[09:18:59] Fixed 2 duplicate /gene - yciC_1 yciC_2
[09:18:59] Fixed 2 duplicate /gene - gatB_1 gatB_2
[09:18:59] Fixed 2 duplicate /gene - nrdE_1 nrdE_2
[09:18:59] Fixed 2 duplicate /gene - clpP_1 clpP_2
[09:18:59] Fixed 2 duplicate /gene - gpmA_1 gpmA_2
[09:18:59] Fixed 2 duplicate /gene - argR_1 argR_2
[09:18:59] Fixed 2 duplicate /gene - uvrB_1 uvrB_2
[09:18:59] Fixed 2 duplicate /gene - femB_1 femB_2
[09:18:59] Fixed 2 duplicate /gene - rluD_1 rluD_2
[09:18:59] Fixed 2 duplicate /gene - lctP_1 lctP_2
[09:18:59] Fixed 2 duplicate /gene - ssl5_1 ssl5_2
[09:18:59] Fixed 3 duplicate /gene - farB_1 farB_2 farB_3
[09:18:59] Fixed 2 duplicate /gene - lexA_1 lexA_2
[09:18:59] Fixed 2 duplicate /gene - est_1 est_2
[09:18:59] Fixed 3 duplicate /gene - femA_1 femA_2 femA_3
[09:18:59] Fixed 3 duplicate /gene - menE_1 menE_2 menE_3
[09:18:59] Fixed 2 duplicate /gene - recQ_1 recQ_2
[09:18:59] Fixed 3 duplicate /gene - cycA_1 cycA_2 cycA_3
[09:18:59] Fixed 3 duplicate /gene - hisC_1 hisC_2 hisC_3
[09:18:59] Fixed 2 duplicate /gene - ilvD_1 ilvD_2
[09:18:59] Fixed 2 duplicate /gene - slyA_1 slyA_2
[09:18:59] Fixed 2 duplicate /gene - ruvB_1 ruvB_2
[09:18:59] Fixed 4 duplicate /gene - scmP_1 scmP_2 scmP_3 scmP_4
[09:18:59] Fixed 2 duplicate /gene - yfiZ_1 yfiZ_2
[09:18:59] Fixed 2 duplicate /gene - rpmG2_1 rpmG2_2
[09:18:59] Fixed 2 duplicate /gene - nupC_1 nupC_2
[09:18:59] Fixed 2 duplicate /gene - nth_1 nth_2
[09:18:59] Fixed 2 duplicate /gene - bcr_1 bcr_2
[09:18:59] Fixed 2 duplicate /gene - gatC_1 gatC_2
[09:18:59] Fixed 2 duplicate /gene - isdG_1 isdG_2
[09:18:59] Fixed 2 duplicate /gene - dnaG_1 dnaG_2
[09:18:59] Fixed 2 duplicate /gene - bceA_1 bceA_2
[09:18:59] Fixed 2 duplicate /gene - rhaS_1 rhaS_2
[09:18:59] Fixed 2 duplicate /gene - cpdA_1 cpdA_2
[09:18:59] Fixed 2 duplicate /gene - aroA_1 aroA_2
[09:18:59] Fixed 3 duplicate /gene - mutS_1 mutS_2 mutS_3
[09:18:59] Fixed 3 duplicate /gene - dapH_1 dapH_2 dapH_3
[09:18:59] Fixed 3 duplicate /gene - lpl2_1 lpl2_2 lpl2_3
[09:18:59] Fixed 2 duplicate /gene - pxpC_1 pxpC_2
[09:18:59] Fixed 2 duplicate /gene - ecfT_1 ecfT_2
[09:18:59] Fixed 3 duplicate /gene - ybbH_1 ybbH_2 ybbH_3
[09:18:59] Fixed 2 duplicate /gene - mnhD1_1 mnhD1_2
[09:18:59] Fixed 2 duplicate /gene - ermA1_1 ermA1_2
[09:18:59] Fixed 2 duplicate /gene - oppD_1 oppD_2
[09:18:59] Fixed 2 duplicate /gene - graR_1 graR_2
[09:18:59] Fixed 2 duplicate /gene - czcD_1 czcD_2
[09:18:59] Fixed 2 duplicate /gene - glcU_1 glcU_2
[09:18:59] Fixed 2 duplicate /gene - nrdF_1 nrdF_2
[09:18:59] Fixed 2 duplicate /gene - garK_1 garK_2
[09:18:59] Fixed 2 duplicate /gene - cap8A_1 cap8A_2
[09:18:59] Fixed 4 duplicate /gene - xerD_1 xerD_2 xerD_3 xerD_4
[09:18:59] Fixed 2 duplicate /gene - metP_1 metP_2
[09:18:59] Fixed 2 duplicate /gene - accB_1 accB_2
[09:18:59] Fixed 2 duplicate /gene - hrtA_1 hrtA_2
[09:18:59] Fixed 2 duplicate /gene - tagH_1 tagH_2
[09:18:59] Fixed 2 duplicate /gene - leuA_1 leuA_2
[09:18:59] Fixed 2 duplicate /gene - oatA_1 oatA_2
[09:18:59] Fixed 2 duplicate /gene - hlb_1 hlb_2
[09:18:59] Fixed 2 duplicate /gene - ktrB_1 ktrB_2
[09:18:59] Fixed 3 duplicate /gene - atl_1 atl_2 atl_3
[09:18:59] Fixed 2 duplicate /gene - der_1 der_2
[09:18:59] Fixed 2 duplicate /gene - cspA_1 cspA_2
[09:18:59] Fixed 2 duplicate /gene - glpE_1 glpE_2
[09:18:59] Fixed 3 duplicate /gene - dnaE_1 dnaE_2 dnaE_3
[09:18:59] Fixed 5 duplicate /gene - ssbA_1 ssbA_2 ssbA_3 ssbA_4 ssbA_5
[09:18:59] Fixed 3 duplicate /gene - COQ5_1 COQ5_2 COQ5_3
[09:18:59] Fixed 2 duplicate /gene - lytO_1 lytO_2
[09:18:59] Fixed 2 duplicate /gene - mleN_1 mleN_2
[09:18:59] Fixed 2 duplicate /gene - treP_1 treP_2
[09:18:59] Fixed 2 duplicate /gene - ywqD_1 ywqD_2
[09:18:59] Fixed 2 duplicate /gene - nhaK_1 nhaK_2
[09:18:59] Fixed 12 duplicate /gene - xerC_1 xerC_2 xerC_3 xerC_4 xerC_5 xerC_6 xerC_7 xerC_8 xerC_9 xerC_10 xerC_11 xerC_12
[09:18:59] Fixed 2 duplicate /gene - graS_1 graS_2
[09:18:59] Fixed 2 duplicate /gene - pepA_1 pepA_2
[09:18:59] Fixed 2 duplicate /gene - acsA_1 acsA_2
[09:18:59] Fixed 2 duplicate /gene - recF_1 recF_2
[09:18:59] Fixed 2 duplicate /gene - nagB_1 nagB_2
[09:18:59] Fixed 3 duplicate /gene - map_1 map_2 map_3
[09:18:59] Fixed 2 duplicate /gene - mnaA_1 mnaA_2
[09:18:59] Fixed 2 duplicate /gene - pdhC_1 pdhC_2
[09:18:59] Fixed 3 duplicate /gene - gtfA_1 gtfA_2 gtfA_3
[09:18:59] Fixed 2 duplicate /gene - spsB_1 spsB_2
[09:18:59] Fixed 2 duplicate /gene - dinG_1 dinG_2
[09:18:59] Fixed 2 duplicate /gene - ysdC_1 ysdC_2
[09:18:59] Fixed 2 duplicate /gene - lacC_1 lacC_2
[09:18:59] Fixed 2 duplicate /gene - hdfR_1 hdfR_2
[09:18:59] Fixed 2 duplicate /gene - ant1_1 ant1_2
[09:18:59] Fixed 2 duplicate /gene - rnmV_1 rnmV_2
[09:18:59] Fixed 3 duplicate /gene - bceB_1 bceB_2 bceB_3
[09:18:59] Fixed 2 duplicate /gene - cls_1 cls_2
[09:18:59] Fixed 3 duplicate /gene - scn_1 scn_2 scn_3
[09:18:59] Fixed 2 duplicate /gene - alr1_1 alr1_2
[09:18:59] Fixed 2 duplicate /gene - treR_1 treR_2
[09:18:59] Fixed 2 duplicate /gene - pxpB_1 pxpB_2
[09:18:59] Fixed 2 duplicate /gene - ywqE_1 ywqE_2
[09:18:59] Fixed 2 duplicate /gene - lip2_1 lip2_2
[09:18:59] Fixed 2 duplicate /gene - bsaA_1 bsaA_2
[09:18:59] Fixed 2 duplicate /gene - ykoD_1 ykoD_2
[09:18:59] Fixed 2 duplicate /gene - iscS_1 iscS_2
[09:18:59] Fixed 2 duplicate /gene - ldhD_1 ldhD_2
[09:18:59] Fixed 2 duplicate /gene - tcyC_1 tcyC_2
[09:18:59] Fixed 2 duplicate /gene - secA1_1 secA1_2
[09:18:59] Fixed 3 duplicate /gene - ptsG_1 ptsG_2 ptsG_3
[09:18:59] Fixed 3 duplicate /gene - opuD_1 opuD_2 opuD_3
[09:18:59] Fixed 2 duplicate /gene - glpQ_1 glpQ_2
[09:18:59] Fixed 3 duplicate /gene - lnrL_1 lnrL_2 lnrL_3
[09:18:59] Fixed 2 duplicate /gene - pepF1_1 pepF1_2
[09:18:59] Fixed 2 duplicate /gene - fhuD_1 fhuD_2
[09:18:59] Fixed 2 duplicate /gene - metQ_1 metQ_2
[09:18:59] Fixed 2 duplicate /gene - pepT_1 pepT_2
[09:18:59] Fixed 2 duplicate /gene - entA_1 entA_2
[09:18:59] Fixed 6 duplicate /gene - essG_1 essG_2 essG_3 essG_4 essG_5 essG_6
[09:18:59] Fixed 2 duplicate /gene - lipA_1 lipA_2
[09:18:59] Fixed 3 duplicate /gene - bcrA_1 bcrA_2 bcrA_3
[09:18:59] Fixed 2 duplicate /gene - mntH_1 mntH_2
[09:18:59] Fixed 2 duplicate /gene - recD2_1 recD2_2
[09:18:59] Fixed 2 duplicate /gene - nrdI_1 nrdI_2
[09:18:59] Fixed 2 duplicate /gene - mecA_1 mecA_2
[09:18:59] Fixed 2 duplicate /gene - gatA_1 gatA_2
[09:18:59] Fixed 2 duplicate /gene - secY_1 secY_2
[09:18:59] Fixed 2 duplicate /gene - crcB_1 crcB_2
[09:18:59] Fixed 2 duplicate /gene - pnp_1 pnp_2
[09:18:59] Fixed 3 duplicate /gene - ssl7_1 ssl7_2 ssl7_3
[09:18:59] Fixed 2 duplicate /gene - rocD2_1 rocD2_2
[09:18:59] Fixed 3 duplicate /gene - ssl4_1 ssl4_2 ssl4_3
[09:18:59] Fixed 3 duplicate /gene - brnQ_1 brnQ_2 brnQ_3
[09:18:59] Fixed 2 duplicate /gene - esaA_1 esaA_2
[09:18:59] Fixed 2 duplicate /gene - catE_1 catE_2
[09:18:59] Fixed 2 duplicate /gene - ghrB_1 ghrB_2
[09:18:59] Fixed 148 colliding /gene names.
[09:18:59] Adding /locus_tag identifiers
[09:18:59] Assigned 3025 locus_tags to CDS and RNA features.
[09:18:59] Writing outputs to V521/
[09:19:02] Generating annotation statistics file
[09:19:02] Generating Genbank and Sequin files
[09:19:02] Running: tbl2asn -V b -a r10k -l paired-ends -M n -N 1 -y 'Annotated using prokka 1.14.6 from https://github.com/tseemann/prokka' -Z V521\/V521\.err -i V521\/V521\.fsa 2> /dev/null
[09:19:10] Deleting unwanted file: V521/errorsummary.val
[09:19:10] Deleting unwanted file: V521/V521.dr
[09:19:10] Deleting unwanted file: V521/V521.fixedproducts
[09:19:10] Deleting unwanted file: V521/V521.ecn
[09:19:10] Deleting unwanted file: V521/V521.val
[09:19:10] Repairing broken .GBK output that tbl2asn produces...
[09:19:10] Running: sed 's/COORDINATES: profile/COORDINATES:profile/' < V521\/V521\.gbf > V521\/V521\.gbk
[09:19:10] Deleting unwanted file: V521/V521.gbf
[09:19:10] Output files:
[09:19:10] V521/V521.err
[09:19:10] V521/V521.faa
[09:19:10] V521/V521.ffn
[09:19:10] V521/V521.fna
[09:19:10] V521/V521.fsa
[09:19:10] V521/V521.gbk
[09:19:10] V521/V521.gff
[09:19:10] V521/V521.log
[09:19:10] V521/V521.sqn
[09:19:10] V521/V521.tbl
[09:19:10] V521/V521.tsv
[09:19:10] V521/V521.txt
[09:19:10] Annotation finished successfully.
[09:19:10] Walltime used: 10.32 minutes
[09:19:10] If you use this result please cite the Prokka paper:
[09:19:10] Seemann T (2014) Prokka: rapid prokaryotic genome annotation. Bioinformatics. 30(14):2068-9.
[09:19:10] Type 'prokka --citation' for more details.
[09:19:10] Share and enjoy!
